<?xml version="1.0" encoding="UTF-8"?>
<!-- Generated by org.testng.reporters.JUnitXMLReporter -->
<testsuite ignored="0" hostname="DESKTOP-L2HD4CA" failures="6" tests="68" name="Frontend Tests" time="877.671" errors="0" timestamp="2026-05-17T16:10:29 EEST">
  <testcase classname="com.dxc.iot.tests.SignUpTests" name="testSignUp" time="2.645"/>
  <testcase classname="com.dxc.iot.tests.SignUpTests" name="testSignUp" time="1.93"/>
  <testcase classname="com.dxc.iot.tests.SignUpTests" name="testSignUp" time="1.497"/>
  <testcase classname="com.dxc.iot.tests.SignUpTests" name="testSignUp" time="1.88"/>
  <testcase classname="com.dxc.iot.tests.SignUpTests" name="testSignUp" time="2.086"/>
  <testcase classname="com.dxc.iot.tests.SignUpTests" name="testRemoveAvatar_A047" time="21.515"/>
  <testcase classname="com.dxc.iot.tests.SignUpTests" name="testLoginLinkNavigation_A048" time="1.139"/>
  <testcase classname="com.dxc.iot.tests.LoginTests" name="testLogin" time="1.464"/>
  <testcase classname="com.dxc.iot.tests.LoginTests" name="testLogin" time="1.06"/>
  <testcase classname="com.dxc.iot.tests.LoginTests" name="testLogin" time="0.549"/>
  <testcase classname="com.dxc.iot.tests.LoginTests" name="testLogin" time="1.186"/>
  <testcase classname="com.dxc.iot.tests.LoginTests" name="testPasswordToggle_A044" time="0.944"/>
  <testcase classname="com.dxc.iot.tests.LoginTests" name="testCreateOneLinkNavigation_A045" time="1.135"/>
  <testcase classname="com.dxc.iot.tests.LoginTests" name="testAccountLocked_A046" time="86.386">
    <failure type="java.lang.AssertionError" message="TC-FE-A046: Expected locked-banner after 3 failed attempts expected [true] but found [false]">
      <![CDATA[java.lang.AssertionError: TC-FE-A046: Expected locked-banner after 3 failed attempts expected [true] but found [false]
at com.dxc.iot.tests.LoginTests.testAccountLocked_A046(LoginTests.java:156)
at java.base/java.util.ArrayList.forEach(ArrayList.java:1597)
... Removed 32 stack frames]]>
    </failure>
  </testcase> <!-- testAccountLocked_A046 -->
  <testcase classname="com.dxc.iot.tests.ProfileTests" name="testAvatarUpload_A050" time="1.951"/>
  <testcase classname="com.dxc.iot.tests.ProfileTests" name="testCancelCollapsesPasswordForm_A049" time="12.322"/>
  <testcase classname="com.dxc.iot.tests.ProfileTests" name="testChangePassword" time="3.767"/>
  <testcase classname="com.dxc.iot.tests.ProfileTests" name="testChangePassword" time="3.137"/>
  <testcase classname="com.dxc.iot.tests.ProfileTests" name="testChangePassword" time="22.738"/>
  <testcase classname="com.dxc.iot.tests.ProfileTests" name="testChangePassword" time="3.035"/>
  <testcase classname="com.dxc.iot.tests.ProfileTests" name="testProfileDataDisplay_A011" time="1.942"/>
  <testcase classname="com.dxc.iot.tests.ProfileTests" name="testProfileNavigation_A010" time="1.716"/>
  <testcase classname="com.dxc.iot.tests.SettingsTests" name="testInfoMetricChips_A055" time="2.247"/>
  <testcase classname="com.dxc.iot.tests.SettingsTests" name="testSettings" time="2.348">
    <failure type="java.lang.AssertionError" message="TC-FE-A025: banner text was &amp;apos;traffic thresholds saved successfully.&amp;apos; but expected to contain &amp;apos;thresholds saved.&amp;apos; expected [true] but found [false]">
      <![CDATA[java.lang.AssertionError: TC-FE-A025: banner text was 'traffic thresholds saved successfully.' but expected to contain 'thresholds saved.' expected [true] but found [false]
at com.dxc.iot.tests.SettingsTests.testSettings(SettingsTests.java:95)
at java.base/java.util.ArrayList.forEach(ArrayList.java:1597)
... Removed 32 stack frames]]>
    </failure>
  </testcase> <!-- testSettings -->
  <testcase classname="com.dxc.iot.tests.SettingsTests" name="testSettings" time="2.903"/>
  <testcase classname="com.dxc.iot.tests.SettingsTests" name="testSettings" time="2.938"/>
  <testcase classname="com.dxc.iot.tests.SettingsTests" name="testSettings" time="4.587"/>
  <testcase classname="com.dxc.iot.tests.SettingsTests" name="testSettings" time="2.811"/>
  <testcase classname="com.dxc.iot.tests.SettingsTests" name="testSettings" time="44.21"/>
  <testcase classname="com.dxc.iot.tests.SettingsTests" name="testSettings" time="45.071"/>
  <testcase classname="com.dxc.iot.tests.SettingsTests" name="testSettings" time="45.721"/>
  <testcase classname="com.dxc.iot.tests.SettingsTests" name="testSettings" time="44.552"/>
  <testcase classname="com.dxc.iot.tests.SettingsTests" name="testSettings" time="44.991"/>
  <testcase classname="com.dxc.iot.tests.SettingsTests" name="testSettings" time="3.14"/>
  <testcase classname="com.dxc.iot.tests.SettingsTests" name="testSettings" time="2.342"/>
  <testcase classname="com.dxc.iot.tests.SettingsTests" name="testSettingsPageStructure_A024" time="1.737"/>
  <testcase classname="com.dxc.iot.tests.SettingsTests" name="testSettingsPrePopulate_A051" time="4.683"/>
  <testcase classname="com.dxc.iot.tests.HomeTests" name="testHomePageFeatures" time="1.645"/>
  <testcase classname="com.dxc.iot.tests.HomeTests" name="testHomePageFeatures" time="22.121">
    <failure type="org.openqa.selenium.TimeoutException" message="Expected condition failed: waiting for element to be clickable: By.cssSelector: .modal-card .modal-close (tried for 20 second(s) with 500 milliseconds interval)
Build info: version: &amp;apos;4.27.0&amp;apos;, revision: &amp;apos;d6e718d134&amp;apos;
System info: os.name: &amp;apos;Windows 11&amp;apos;, os.arch: &amp;apos;amd64&amp;apos;, os.version: &amp;apos;10.0&amp;apos;, java.version: &amp;apos;23.0.1&amp;apos;
Driver info: org.openqa.selenium.chrome.ChromeDriver
Capabilities {acceptInsecureCerts: false, browserName: chrome, browserVersion: 148.0.7778.168, chrome: {chromedriverVersion: 148.0.7778.167 (65db666ac2c..., userDataDir: C:\Users\habiba\AppData\Loc...}, fedcm:accounts: true, goog:chromeOptions: {debuggerAddress: localhost:52827}, goog:processID: 36976, networkConnectionEnabled: false, pageLoadStrategy: normal, platformName: windows, proxy: Proxy(), se:cdp: ws://localhost:52827/devtoo..., se:cdpVersion: 148.0.7778.168, setWindowRect: true, strictFileInteractability: false, timeouts: {implicit: 0, pageLoad: 300000, script: 30000}, unhandledPromptBehavior: dismiss and notify, webauthn:extension:credBlob: true, webauthn:extension:largeBlob: true, webauthn:extension:minPinLength: true, webauthn:extension:prf: true, webauthn:virtualAuthenticators: true}
Session ID: 9c00d298bab254d47317e6d9c261bb21">
      <![CDATA[org.openqa.selenium.TimeoutException: Expected condition failed: waiting for element to be clickable: By.cssSelector: .modal-card .modal-close (tried for 20 second(s) with 500 milliseconds interval)
Build info: version: '4.27.0', revision: 'd6e718d134'
System info: os.name: 'Windows 11', os.arch: 'amd64', os.version: '10.0', java.version: '23.0.1'
Driver info: org.openqa.selenium.chrome.ChromeDriver
Capabilities {acceptInsecureCerts: false, browserName: chrome, browserVersion: 148.0.7778.168, chrome: {chromedriverVersion: 148.0.7778.167 (65db666ac2c..., userDataDir: C:\Users\habiba\AppData\Loc...}, fedcm:accounts: true, goog:chromeOptions: {debuggerAddress: localhost:52827}, goog:processID: 36976, networkConnectionEnabled: false, pageLoadStrategy: normal, platformName: windows, proxy: Proxy(), se:cdp: ws://localhost:52827/devtoo..., se:cdpVersion: 148.0.7778.168, setWindowRect: true, strictFileInteractability: false, timeouts: {implicit: 0, pageLoad: 300000, script: 30000}, unhandledPromptBehavior: dismiss and notify, webauthn:extension:credBlob: true, webauthn:extension:largeBlob: true, webauthn:extension:minPinLength: true, webauthn:extension:prf: true, webauthn:virtualAuthenticators: true}
Session ID: 9c00d298bab254d47317e6d9c261bb21
at org.openqa.selenium.support.ui.WebDriverWait.timeoutException(WebDriverWait.java:84)
at org.openqa.selenium.support.ui.FluentWait.until(FluentWait.java:228)
at com.dxc.iot.base.BasePage.click(BasePage.java:31)
at com.dxc.iot.pages.HomePage.closeModal(HomePage.java:96)
at com.dxc.iot.tests.HomeTests.testHomePageFeatures(HomeTests.java:60)
at java.base/java.util.ArrayList.forEach(ArrayList.java:1597)
... Removed 29 stack frames]]>
    </failure>
  </testcase> <!-- testHomePageFeatures -->
  <testcase classname="com.dxc.iot.tests.HomeTests" name="testHomePageFeatures" time="2.321"/>
  <testcase classname="com.dxc.iot.tests.HomeTests" name="testHomePageFeatures" time="2.71"/>
  <testcase classname="com.dxc.iot.tests.HomeTests" name="testHomePageFeatures" time="1.871"/>
  <testcase classname="com.dxc.iot.tests.HomeTests" name="testHomePageFeatures" time="11.787"/>
  <testcase classname="com.dxc.iot.tests.HomeTests" name="testHomePageFeatures" time="32.887"/>
  <testcase classname="com.dxc.iot.tests.HomeTests" name="testHomePageFeatures" time="21.97"/>
  <testcase classname="com.dxc.iot.tests.HomeTests" name="testHomePageFeatures" time="33.086"/>
  <testcase classname="com.dxc.iot.tests.HomeTests" name="testHomePageFeatures" time="22.075"/>
  <testcase classname="com.dxc.iot.tests.HomeTests" name="testHomePageFeatures" time="2.268"/>
  <testcase classname="com.dxc.iot.tests.HomeTests" name="testHomePageFeatures" time="22.386"/>
  <testcase classname="com.dxc.iot.tests.HomeTests" name="testHomePageFeatures" time="21.713">
    <failure type="org.openqa.selenium.TimeoutException" message="Expected condition failed: waiting for element to be clickable: By.cssSelector: .modal-card .modal-close (tried for 20 second(s) with 500 milliseconds interval)
Build info: version: &amp;apos;4.27.0&amp;apos;, revision: &amp;apos;d6e718d134&amp;apos;
System info: os.name: &amp;apos;Windows 11&amp;apos;, os.arch: &amp;apos;amd64&amp;apos;, os.version: &amp;apos;10.0&amp;apos;, java.version: &amp;apos;23.0.1&amp;apos;
Driver info: org.openqa.selenium.chrome.ChromeDriver
Capabilities {acceptInsecureCerts: false, browserName: chrome, browserVersion: 148.0.7778.168, chrome: {chromedriverVersion: 148.0.7778.167 (65db666ac2c..., userDataDir: C:\Users\habiba\AppData\Loc...}, fedcm:accounts: true, goog:chromeOptions: {debuggerAddress: localhost:63858}, goog:processID: 35696, networkConnectionEnabled: false, pageLoadStrategy: normal, platformName: windows, proxy: Proxy(), se:cdp: ws://localhost:63858/devtoo..., se:cdpVersion: 148.0.7778.168, setWindowRect: true, strictFileInteractability: false, timeouts: {implicit: 0, pageLoad: 300000, script: 30000}, unhandledPromptBehavior: dismiss and notify, webauthn:extension:credBlob: true, webauthn:extension:largeBlob: true, webauthn:extension:minPinLength: true, webauthn:extension:prf: true, webauthn:virtualAuthenticators: true}
Session ID: 32ae325e2fa2c94ec7da02b396d9cc46">
      <![CDATA[org.openqa.selenium.TimeoutException: Expected condition failed: waiting for element to be clickable: By.cssSelector: .modal-card .modal-close (tried for 20 second(s) with 500 milliseconds interval)
Build info: version: '4.27.0', revision: 'd6e718d134'
System info: os.name: 'Windows 11', os.arch: 'amd64', os.version: '10.0', java.version: '23.0.1'
Driver info: org.openqa.selenium.chrome.ChromeDriver
Capabilities {acceptInsecureCerts: false, browserName: chrome, browserVersion: 148.0.7778.168, chrome: {chromedriverVersion: 148.0.7778.167 (65db666ac2c..., userDataDir: C:\Users\habiba\AppData\Loc...}, fedcm:accounts: true, goog:chromeOptions: {debuggerAddress: localhost:63858}, goog:processID: 35696, networkConnectionEnabled: false, pageLoadStrategy: normal, platformName: windows, proxy: Proxy(), se:cdp: ws://localhost:63858/devtoo..., se:cdpVersion: 148.0.7778.168, setWindowRect: true, strictFileInteractability: false, timeouts: {implicit: 0, pageLoad: 300000, script: 30000}, unhandledPromptBehavior: dismiss and notify, webauthn:extension:credBlob: true, webauthn:extension:largeBlob: true, webauthn:extension:minPinLength: true, webauthn:extension:prf: true, webauthn:virtualAuthenticators: true}
Session ID: 32ae325e2fa2c94ec7da02b396d9cc46
at org.openqa.selenium.support.ui.WebDriverWait.timeoutException(WebDriverWait.java:84)
at org.openqa.selenium.support.ui.FluentWait.until(FluentWait.java:228)
at com.dxc.iot.base.BasePage.click(BasePage.java:31)
at com.dxc.iot.pages.HomePage.closeModal(HomePage.java:96)
at com.dxc.iot.tests.HomeTests.testHomePageFeatures(HomeTests.java:154)
at java.base/java.util.ArrayList.forEach(ArrayList.java:1597)
... Removed 29 stack frames]]>
    </failure>
  </testcase> <!-- testHomePageFeatures -->
  <testcase classname="com.dxc.iot.tests.HomeTests" name="testHomePageFeatures" time="22.152">
    <failure type="org.openqa.selenium.TimeoutException" message="Expected condition failed: waiting for element to be clickable: By.cssSelector: .modal-card .modal-close (tried for 20 second(s) with 500 milliseconds interval)
Build info: version: &amp;apos;4.27.0&amp;apos;, revision: &amp;apos;d6e718d134&amp;apos;
System info: os.name: &amp;apos;Windows 11&amp;apos;, os.arch: &amp;apos;amd64&amp;apos;, os.version: &amp;apos;10.0&amp;apos;, java.version: &amp;apos;23.0.1&amp;apos;
Driver info: org.openqa.selenium.chrome.ChromeDriver
Capabilities {acceptInsecureCerts: false, browserName: chrome, browserVersion: 148.0.7778.168, chrome: {chromedriverVersion: 148.0.7778.167 (65db666ac2c..., userDataDir: C:\Users\habiba\AppData\Loc...}, fedcm:accounts: true, goog:chromeOptions: {debuggerAddress: localhost:60215}, goog:processID: 37252, networkConnectionEnabled: false, pageLoadStrategy: normal, platformName: windows, proxy: Proxy(), se:cdp: ws://localhost:60215/devtoo..., se:cdpVersion: 148.0.7778.168, setWindowRect: true, strictFileInteractability: false, timeouts: {implicit: 0, pageLoad: 300000, script: 30000}, unhandledPromptBehavior: dismiss and notify, webauthn:extension:credBlob: true, webauthn:extension:largeBlob: true, webauthn:extension:minPinLength: true, webauthn:extension:prf: true, webauthn:virtualAuthenticators: true}
Session ID: e4b6ed4dd2c25419a9585f6c070d51a6">
      <![CDATA[org.openqa.selenium.TimeoutException: Expected condition failed: waiting for element to be clickable: By.cssSelector: .modal-card .modal-close (tried for 20 second(s) with 500 milliseconds interval)
Build info: version: '4.27.0', revision: 'd6e718d134'
System info: os.name: 'Windows 11', os.arch: 'amd64', os.version: '10.0', java.version: '23.0.1'
Driver info: org.openqa.selenium.chrome.ChromeDriver
Capabilities {acceptInsecureCerts: false, browserName: chrome, browserVersion: 148.0.7778.168, chrome: {chromedriverVersion: 148.0.7778.167 (65db666ac2c..., userDataDir: C:\Users\habiba\AppData\Loc...}, fedcm:accounts: true, goog:chromeOptions: {debuggerAddress: localhost:60215}, goog:processID: 37252, networkConnectionEnabled: false, pageLoadStrategy: normal, platformName: windows, proxy: Proxy(), se:cdp: ws://localhost:60215/devtoo..., se:cdpVersion: 148.0.7778.168, setWindowRect: true, strictFileInteractability: false, timeouts: {implicit: 0, pageLoad: 300000, script: 30000}, unhandledPromptBehavior: dismiss and notify, webauthn:extension:credBlob: true, webauthn:extension:largeBlob: true, webauthn:extension:minPinLength: true, webauthn:extension:prf: true, webauthn:virtualAuthenticators: true}
Session ID: e4b6ed4dd2c25419a9585f6c070d51a6
at org.openqa.selenium.support.ui.WebDriverWait.timeoutException(WebDriverWait.java:84)
at org.openqa.selenium.support.ui.FluentWait.until(FluentWait.java:228)
at com.dxc.iot.base.BasePage.click(BasePage.java:31)
at com.dxc.iot.pages.HomePage.closeModal(HomePage.java:96)
at com.dxc.iot.tests.HomeTests.testHomePageFeatures(HomeTests.java:163)
at java.base/java.util.ArrayList.forEach(ArrayList.java:1597)
... Removed 29 stack frames]]>
    </failure>
  </testcase> <!-- testHomePageFeatures -->
  <testcase classname="com.dxc.iot.tests.HomeTests" name="testHomePageFeatures" time="32.382"/>
  <testcase classname="com.dxc.iot.tests.HomeTests" name="testHomePageFeatures" time="1.503"/>
  <testcase classname="com.dxc.iot.tests.HomeTests" name="testHomePageFeatures" time="1.719"/>
  <testcase classname="com.dxc.iot.tests.HomeTests" name="testHomePageFeatures" time="32.602"/>
  <testcase classname="com.dxc.iot.tests.HomeTests" name="testHomePageFeatures" time="2.511"/>
  <testcase classname="com.dxc.iot.tests.HomeTests" name="testHomePageFeatures" time="11.64">
    <failure type="org.openqa.selenium.TimeoutException" message="Expected condition failed: waiting for visibility of element located by By.xpath: //span[contains(@class,&amp;apos;detail-label&amp;apos;)] (tried for 10 second(s) with 500 milliseconds interval)
Build info: version: &amp;apos;4.27.0&amp;apos;, revision: &amp;apos;d6e718d134&amp;apos;
System info: os.name: &amp;apos;Windows 11&amp;apos;, os.arch: &amp;apos;amd64&amp;apos;, os.version: &amp;apos;10.0&amp;apos;, java.version: &amp;apos;23.0.1&amp;apos;
Driver info: org.openqa.selenium.chrome.ChromeDriver
Capabilities {acceptInsecureCerts: false, browserName: chrome, browserVersion: 148.0.7778.168, chrome: {chromedriverVersion: 148.0.7778.167 (65db666ac2c..., userDataDir: C:\Users\habiba\AppData\Loc...}, fedcm:accounts: true, goog:chromeOptions: {debuggerAddress: localhost:52297}, goog:processID: 7912, networkConnectionEnabled: false, pageLoadStrategy: normal, platformName: windows, proxy: Proxy(), se:cdp: ws://localhost:52297/devtoo..., se:cdpVersion: 148.0.7778.168, setWindowRect: true, strictFileInteractability: false, timeouts: {implicit: 0, pageLoad: 300000, script: 30000}, unhandledPromptBehavior: dismiss and notify, webauthn:extension:credBlob: true, webauthn:extension:largeBlob: true, webauthn:extension:minPinLength: true, webauthn:extension:prf: true, webauthn:virtualAuthenticators: true}
Session ID: 2813a2c544ba0fe558f7979163662f90">
      <![CDATA[org.openqa.selenium.TimeoutException: Expected condition failed: waiting for visibility of element located by By.xpath: //span[contains(@class,'detail-label')] (tried for 10 second(s) with 500 milliseconds interval)
Build info: version: '4.27.0', revision: 'd6e718d134'
System info: os.name: 'Windows 11', os.arch: 'amd64', os.version: '10.0', java.version: '23.0.1'
Driver info: org.openqa.selenium.chrome.ChromeDriver
Capabilities {acceptInsecureCerts: false, browserName: chrome, browserVersion: 148.0.7778.168, chrome: {chromedriverVersion: 148.0.7778.167 (65db666ac2c..., userDataDir: C:\Users\habiba\AppData\Loc...}, fedcm:accounts: true, goog:chromeOptions: {debuggerAddress: localhost:52297}, goog:processID: 7912, networkConnectionEnabled: false, pageLoadStrategy: normal, platformName: windows, proxy: Proxy(), se:cdp: ws://localhost:52297/devtoo..., se:cdpVersion: 148.0.7778.168, setWindowRect: true, strictFileInteractability: false, timeouts: {implicit: 0, pageLoad: 300000, script: 30000}, unhandledPromptBehavior: dismiss and notify, webauthn:extension:credBlob: true, webauthn:extension:largeBlob: true, webauthn:extension:minPinLength: true, webauthn:extension:prf: true, webauthn:virtualAuthenticators: true}
Session ID: 2813a2c544ba0fe558f7979163662f90
at org.openqa.selenium.support.ui.WebDriverWait.timeoutException(WebDriverWait.java:84)
at org.openqa.selenium.support.ui.FluentWait.until(FluentWait.java:228)
at com.dxc.iot.tests.HomeTests.testHomePageFeatures(HomeTests.java:215)
at java.base/java.util.ArrayList.forEach(ArrayList.java:1597)
... Removed 29 stack frames]]>
    </failure>
  </testcase> <!-- testHomePageFeatures -->
  <testcase classname="com.dxc.iot.tests.HomeTests" name="testHomePageFeatures" time="1.995"/>
  <testcase classname="com.dxc.iot.tests.HomeTests" name="testHomePageFeatures" time="1.617"/>
  <testcase classname="com.dxc.iot.tests.SessionTests" name="testAuthenticatedUserBlockedFromLogin_A067" time="2.515"/>
  <testcase classname="com.dxc.iot.tests.SessionTests" name="testAuthenticatedUserBlockedFromSignup_A068" time="1.705"/>
  <testcase classname="com.dxc.iot.tests.SessionTests" name="testBUG_LocalStoragePersists_A031" time="4.006"/>
  <testcase classname="com.dxc.iot.tests.SessionTests" name="testLogoutClearsStorage_A034" time="2.101"/>
  <testcase classname="com.dxc.iot.tests.SessionTests" name="testSidebarLogoutFromSettings_A065" time="2.201"/>
  <testcase classname="com.dxc.iot.tests.SessionTests" name="testSidebarNavFromProfile_A064" time="1.951"/>
  <testcase classname="com.dxc.iot.tests.SessionTests" name="testUnauthorizedAccessToHome_A032" time="0.151"/>
  <testcase classname="com.dxc.iot.tests.SessionTests" name="testUnauthorizedAccessToProfile_A033" time="0.135"/>
  <testcase classname="com.dxc.iot.tests.SessionTests" name="testUnauthorizedAccessToSettings_A066" time="0.124"/>
</testsuite> <!-- Frontend Tests -->
