<?xml version="1.0" encoding="UTF-8"?>
<testng-results ignored="0" total="68" passed="62" failed="6" skipped="0">
  <reporter-output>
  </reporter-output>
  <suite started-at="2026-05-17T15:55:52 EEST" name="IoT Automation Suite" finished-at="2026-05-17T16:10:29 EEST" duration-ms="877671">
    <groups>
    </groups>
    <test started-at="2026-05-17T15:55:52 EEST" name="Frontend Tests" finished-at="2026-05-17T16:10:29 EEST" duration-ms="877671">
      <class name="com.dxc.iot.tests.SessionTests">
        <test-method is-config="true" signature="setUp()[pri:0, instance:com.dxc.iot.tests.SessionTests@45752059]" started-at="2026-05-17T16:10:00 EEST" name="setUp" finished-at="2026-05-17T16:10:01 EEST" duration-ms="1386" status="PASS">
          <reporter-output>
          </reporter-output>
        </test-method> <!-- setUp -->
        <test-method signature="testAuthenticatedUserBlockedFromLogin_A067()[pri:0, instance:com.dxc.iot.tests.SessionTests@45752059]" started-at="2026-05-17T16:10:01 EEST" name="testAuthenticatedUserBlockedFromLogin_A067" finished-at="2026-05-17T16:10:04 EEST" duration-ms="2515" status="PASS">
          <reporter-output>
          </reporter-output>
        </test-method> <!-- testAuthenticatedUserBlockedFromLogin_A067 -->
        <test-method is-config="true" signature="tearDown(org.testng.ITestResult)[pri:0, instance:com.dxc.iot.tests.SessionTests@45752059]" started-at="2026-05-17T16:10:04 EEST" name="tearDown" finished-at="2026-05-17T16:10:04 EEST" duration-ms="212" status="PASS">
          <params>
            <param index="0">
              <value>
                <![CDATA[[TestResult name=testAuthenticatedUserBlockedFromLogin_A067 status=SUCCESS method=SessionTests.testAuthenticatedUserBlockedFromLogin_A067()[pri:0, instance:com.dxc.iot.tests.SessionTests@45752059] output={null}]]]>
              </value>
            </param>
          </params>
          <reporter-output>
          </reporter-output>
        </test-method> <!-- tearDown -->
        <test-method is-config="true" signature="setUp()[pri:0, instance:com.dxc.iot.tests.SessionTests@45752059]" started-at="2026-05-17T16:10:04 EEST" name="setUp" finished-at="2026-05-17T16:10:06 EEST" duration-ms="1399" status="PASS">
          <reporter-output>
          </reporter-output>
        </test-method> <!-- setUp -->
        <test-method signature="testAuthenticatedUserBlockedFromSignup_A068()[pri:0, instance:com.dxc.iot.tests.SessionTests@45752059]" started-at="2026-05-17T16:10:06 EEST" name="testAuthenticatedUserBlockedFromSignup_A068" finished-at="2026-05-17T16:10:07 EEST" duration-ms="1705" status="PASS">
          <reporter-output>
          </reporter-output>
        </test-method> <!-- testAuthenticatedUserBlockedFromSignup_A068 -->
        <test-method is-config="true" signature="tearDown(org.testng.ITestResult)[pri:0, instance:com.dxc.iot.tests.SessionTests@45752059]" started-at="2026-05-17T16:10:07 EEST" name="tearDown" finished-at="2026-05-17T16:10:07 EEST" duration-ms="168" status="PASS">
          <params>
            <param index="0">
              <value>
                <![CDATA[[TestResult name=testAuthenticatedUserBlockedFromSignup_A068 status=SUCCESS method=SessionTests.testAuthenticatedUserBlockedFromSignup_A068()[pri:0, instance:com.dxc.iot.tests.SessionTests@45752059] output={null}]]]>
              </value>
            </param>
          </params>
          <reporter-output>
          </reporter-output>
        </test-method> <!-- tearDown -->
        <test-method is-config="true" signature="setUp()[pri:0, instance:com.dxc.iot.tests.SessionTests@45752059]" started-at="2026-05-17T16:10:07 EEST" name="setUp" finished-at="2026-05-17T16:10:09 EEST" duration-ms="1374" status="PASS">
          <reporter-output>
          </reporter-output>
        </test-method> <!-- setUp -->
        <test-method signature="testBUG_LocalStoragePersists_A031()[pri:0, instance:com.dxc.iot.tests.SessionTests@45752059]" started-at="2026-05-17T16:10:09 EEST" name="testBUG_LocalStoragePersists_A031" finished-at="2026-05-17T16:10:13 EEST" duration-ms="4006" status="PASS">
          <reporter-output>
          </reporter-output>
        </test-method> <!-- testBUG_LocalStoragePersists_A031 -->
        <test-method is-config="true" signature="tearDown(org.testng.ITestResult)[pri:0, instance:com.dxc.iot.tests.SessionTests@45752059]" started-at="2026-05-17T16:10:13 EEST" name="tearDown" finished-at="2026-05-17T16:10:13 EEST" duration-ms="211" status="PASS">
          <params>
            <param index="0">
              <value>
                <![CDATA[[TestResult name=testBUG_LocalStoragePersists_A031 status=SUCCESS method=SessionTests.testBUG_LocalStoragePersists_A031()[pri:0, instance:com.dxc.iot.tests.SessionTests@45752059] output={null}]]]>
              </value>
            </param>
          </params>
          <reporter-output>
          </reporter-output>
        </test-method> <!-- tearDown -->
        <test-method is-config="true" signature="setUp()[pri:0, instance:com.dxc.iot.tests.SessionTests@45752059]" started-at="2026-05-17T16:10:13 EEST" name="setUp" finished-at="2026-05-17T16:10:15 EEST" duration-ms="1479" status="PASS">
          <reporter-output>
          </reporter-output>
        </test-method> <!-- setUp -->
        <test-method signature="testLogoutClearsStorage_A034()[pri:0, instance:com.dxc.iot.tests.SessionTests@45752059]" started-at="2026-05-17T16:10:15 EEST" name="testLogoutClearsStorage_A034" finished-at="2026-05-17T16:10:17 EEST" duration-ms="2101" status="PASS">
          <reporter-output>
          </reporter-output>
        </test-method> <!-- testLogoutClearsStorage_A034 -->
        <test-method is-config="true" signature="tearDown(org.testng.ITestResult)[pri:0, instance:com.dxc.iot.tests.SessionTests@45752059]" started-at="2026-05-17T16:10:17 EEST" name="tearDown" finished-at="2026-05-17T16:10:17 EEST" duration-ms="255" status="PASS">
          <params>
            <param index="0">
              <value>
                <![CDATA[[TestResult name=testLogoutClearsStorage_A034 status=SUCCESS method=SessionTests.testLogoutClearsStorage_A034()[pri:0, instance:com.dxc.iot.tests.SessionTests@45752059] output={null}]]]>
              </value>
            </param>
          </params>
          <reporter-output>
          </reporter-output>
        </test-method> <!-- tearDown -->
        <test-method is-config="true" signature="setUp()[pri:0, instance:com.dxc.iot.tests.SessionTests@45752059]" started-at="2026-05-17T16:10:17 EEST" name="setUp" finished-at="2026-05-17T16:10:18 EEST" duration-ms="1417" status="PASS">
          <reporter-output>
          </reporter-output>
        </test-method> <!-- setUp -->
        <test-method signature="testSidebarLogoutFromSettings_A065()[pri:0, instance:com.dxc.iot.tests.SessionTests@45752059]" started-at="2026-05-17T16:10:18 EEST" name="testSidebarLogoutFromSettings_A065" finished-at="2026-05-17T16:10:20 EEST" duration-ms="2201" status="PASS">
          <reporter-output>
          </reporter-output>
        </test-method> <!-- testSidebarLogoutFromSettings_A065 -->
        <test-method is-config="true" signature="tearDown(org.testng.ITestResult)[pri:0, instance:com.dxc.iot.tests.SessionTests@45752059]" started-at="2026-05-17T16:10:20 EEST" name="tearDown" finished-at="2026-05-17T16:10:21 EEST" duration-ms="210" status="PASS">
          <params>
            <param index="0">
              <value>
                <![CDATA[[TestResult name=testSidebarLogoutFromSettings_A065 status=SUCCESS method=SessionTests.testSidebarLogoutFromSettings_A065()[pri:0, instance:com.dxc.iot.tests.SessionTests@45752059] output={null}]]]>
              </value>
            </param>
          </params>
          <reporter-output>
          </reporter-output>
        </test-method> <!-- tearDown -->
        <test-method is-config="true" signature="setUp()[pri:0, instance:com.dxc.iot.tests.SessionTests@45752059]" started-at="2026-05-17T16:10:21 EEST" name="setUp" finished-at="2026-05-17T16:10:22 EEST" duration-ms="1446" status="PASS">
          <reporter-output>
          </reporter-output>
        </test-method> <!-- setUp -->
        <test-method signature="testSidebarNavFromProfile_A064()[pri:0, instance:com.dxc.iot.tests.SessionTests@45752059]" started-at="2026-05-17T16:10:22 EEST" name="testSidebarNavFromProfile_A064" finished-at="2026-05-17T16:10:24 EEST" duration-ms="1951" status="PASS">
          <reporter-output>
          </reporter-output>
        </test-method> <!-- testSidebarNavFromProfile_A064 -->
        <test-method is-config="true" signature="tearDown(org.testng.ITestResult)[pri:0, instance:com.dxc.iot.tests.SessionTests@45752059]" started-at="2026-05-17T16:10:24 EEST" name="tearDown" finished-at="2026-05-17T16:10:24 EEST" duration-ms="182" status="PASS">
          <params>
            <param index="0">
              <value>
                <![CDATA[[TestResult name=testSidebarNavFromProfile_A064 status=SUCCESS method=SessionTests.testSidebarNavFromProfile_A064()[pri:0, instance:com.dxc.iot.tests.SessionTests@45752059] output={null}]]]>
              </value>
            </param>
          </params>
          <reporter-output>
          </reporter-output>
        </test-method> <!-- tearDown -->
        <test-method is-config="true" signature="setUp()[pri:0, instance:com.dxc.iot.tests.SessionTests@45752059]" started-at="2026-05-17T16:10:24 EEST" name="setUp" finished-at="2026-05-17T16:10:26 EEST" duration-ms="1424" status="PASS">
          <reporter-output>
          </reporter-output>
        </test-method> <!-- setUp -->
        <test-method signature="testUnauthorizedAccessToHome_A032()[pri:0, instance:com.dxc.iot.tests.SessionTests@45752059]" started-at="2026-05-17T16:10:26 EEST" name="testUnauthorizedAccessToHome_A032" finished-at="2026-05-17T16:10:26 EEST" duration-ms="151" status="PASS">
          <reporter-output>
          </reporter-output>
        </test-method> <!-- testUnauthorizedAccessToHome_A032 -->
        <test-method is-config="true" signature="tearDown(org.testng.ITestResult)[pri:0, instance:com.dxc.iot.tests.SessionTests@45752059]" started-at="2026-05-17T16:10:26 EEST" name="tearDown" finished-at="2026-05-17T16:10:26 EEST" duration-ms="151" status="PASS">
          <params>
            <param index="0">
              <value>
                <![CDATA[[TestResult name=testUnauthorizedAccessToHome_A032 status=SUCCESS method=SessionTests.testUnauthorizedAccessToHome_A032()[pri:0, instance:com.dxc.iot.tests.SessionTests@45752059] output={null}]]]>
              </value>
            </param>
          </params>
          <reporter-output>
          </reporter-output>
        </test-method> <!-- tearDown -->
        <test-method is-config="true" signature="setUp()[pri:0, instance:com.dxc.iot.tests.SessionTests@45752059]" started-at="2026-05-17T16:10:26 EEST" name="setUp" finished-at="2026-05-17T16:10:27 EEST" duration-ms="1401" status="PASS">
          <reporter-output>
          </reporter-output>
        </test-method> <!-- setUp -->
        <test-method signature="testUnauthorizedAccessToProfile_A033()[pri:0, instance:com.dxc.iot.tests.SessionTests@45752059]" started-at="2026-05-17T16:10:27 EEST" name="testUnauthorizedAccessToProfile_A033" finished-at="2026-05-17T16:10:28 EEST" duration-ms="135" status="PASS">
          <reporter-output>
          </reporter-output>
        </test-method> <!-- testUnauthorizedAccessToProfile_A033 -->
        <test-method is-config="true" signature="tearDown(org.testng.ITestResult)[pri:0, instance:com.dxc.iot.tests.SessionTests@45752059]" started-at="2026-05-17T16:10:28 EEST" name="tearDown" finished-at="2026-05-17T16:10:28 EEST" duration-ms="157" status="PASS">
          <params>
            <param index="0">
              <value>
                <![CDATA[[TestResult name=testUnauthorizedAccessToProfile_A033 status=SUCCESS method=SessionTests.testUnauthorizedAccessToProfile_A033()[pri:0, instance:com.dxc.iot.tests.SessionTests@45752059] output={null}]]]>
              </value>
            </param>
          </params>
          <reporter-output>
          </reporter-output>
        </test-method> <!-- tearDown -->
        <test-method is-config="true" signature="setUp()[pri:0, instance:com.dxc.iot.tests.SessionTests@45752059]" started-at="2026-05-17T16:10:28 EEST" name="setUp" finished-at="2026-05-17T16:10:29 EEST" duration-ms="1427" status="PASS">
          <reporter-output>
          </reporter-output>
        </test-method> <!-- setUp -->
        <test-method signature="testUnauthorizedAccessToSettings_A066()[pri:0, instance:com.dxc.iot.tests.SessionTests@45752059]" started-at="2026-05-17T16:10:29 EEST" name="testUnauthorizedAccessToSettings_A066" finished-at="2026-05-17T16:10:29 EEST" duration-ms="124" status="PASS">
          <reporter-output>
          </reporter-output>
        </test-method> <!-- testUnauthorizedAccessToSettings_A066 -->
        <test-method is-config="true" signature="tearDown(org.testng.ITestResult)[pri:0, instance:com.dxc.iot.tests.SessionTests@45752059]" started-at="2026-05-17T16:10:29 EEST" name="tearDown" finished-at="2026-05-17T16:10:29 EEST" duration-ms="126" status="PASS">
          <params>
            <param index="0">
              <value>
                <![CDATA[[TestResult name=testUnauthorizedAccessToSettings_A066 status=SUCCESS method=SessionTests.testUnauthorizedAccessToSettings_A066()[pri:0, instance:com.dxc.iot.tests.SessionTests@45752059] output={null}]]]>
              </value>
            </param>
          </params>
          <reporter-output>
          </reporter-output>
        </test-method> <!-- tearDown -->
      </class> <!-- com.dxc.iot.tests.SessionTests -->
      <class name="com.dxc.iot.tests.ProfileTests">
        <test-method is-config="true" signature="setUp()[pri:0, instance:com.dxc.iot.tests.ProfileTests@292b08d6]" started-at="2026-05-17T15:58:25 EEST" name="setUp" finished-at="2026-05-17T15:58:26 EEST" duration-ms="1563" status="PASS">
          <reporter-output>
          </reporter-output>
        </test-method> <!-- setUp -->
        <test-method signature="testAvatarUpload_A050()[pri:0, instance:com.dxc.iot.tests.ProfileTests@292b08d6]" started-at="2026-05-17T15:58:26 EEST" name="testAvatarUpload_A050" finished-at="2026-05-17T15:58:28 EEST" duration-ms="1951" status="PASS">
          <reporter-output>
          </reporter-output>
        </test-method> <!-- testAvatarUpload_A050 -->
        <test-method is-config="true" signature="tearDown(org.testng.ITestResult)[pri:0, instance:com.dxc.iot.tests.ProfileTests@292b08d6]" started-at="2026-05-17T15:58:28 EEST" name="tearDown" finished-at="2026-05-17T15:58:29 EEST" duration-ms="160" status="PASS">
          <params>
            <param index="0">
              <value>
                <![CDATA[[TestResult name=testAvatarUpload_A050 status=SUCCESS method=ProfileTests.testAvatarUpload_A050()[pri:0, instance:com.dxc.iot.tests.ProfileTests@292b08d6] output={null}]]]>
              </value>
            </param>
          </params>
          <reporter-output>
          </reporter-output>
        </test-method> <!-- tearDown -->
        <test-method is-config="true" signature="setUp()[pri:0, instance:com.dxc.iot.tests.ProfileTests@292b08d6]" started-at="2026-05-17T15:58:29 EEST" name="setUp" finished-at="2026-05-17T15:58:30 EEST" duration-ms="1435" status="PASS">
          <reporter-output>
          </reporter-output>
        </test-method> <!-- setUp -->
        <test-method signature="testCancelCollapsesPasswordForm_A049()[pri:0, instance:com.dxc.iot.tests.ProfileTests@292b08d6]" started-at="2026-05-17T15:58:30 EEST" name="testCancelCollapsesPasswordForm_A049" finished-at="2026-05-17T15:58:42 EEST" duration-ms="12322" status="PASS">
          <reporter-output>
          </reporter-output>
        </test-method> <!-- testCancelCollapsesPasswordForm_A049 -->
        <test-method is-config="true" signature="tearDown(org.testng.ITestResult)[pri:0, instance:com.dxc.iot.tests.ProfileTests@292b08d6]" started-at="2026-05-17T15:58:42 EEST" name="tearDown" finished-at="2026-05-17T15:58:43 EEST" duration-ms="266" status="PASS">
          <params>
            <param index="0">
              <value>
                <![CDATA[[TestResult name=testCancelCollapsesPasswordForm_A049 status=SUCCESS method=ProfileTests.testCancelCollapsesPasswordForm_A049()[pri:0, instance:com.dxc.iot.tests.ProfileTests@292b08d6] output={null}]]]>
              </value>
            </param>
          </params>
          <reporter-output>
          </reporter-output>
        </test-method> <!-- tearDown -->
        <test-method is-config="true" signature="setUp()[pri:0, instance:com.dxc.iot.tests.ProfileTests@292b08d6]" started-at="2026-05-17T15:58:43 EEST" name="setUp" finished-at="2026-05-17T15:58:44 EEST" duration-ms="1453" status="PASS">
          <reporter-output>
          </reporter-output>
        </test-method> <!-- setUp -->
        <test-method signature="testChangePassword([Ljava.lang.Object;)[pri:0, instance:com.dxc.iot.tests.ProfileTests@292b08d6]" started-at="2026-05-17T15:58:44 EEST" name="testChangePassword" data-provider="profileData" finished-at="2026-05-17T15:58:48 EEST" duration-ms="3767" status="PASS">
          <params>
            <param index="0">
              <value>
                <![CDATA[[Ljava.lang.Object;@57b711b6]]>
              </value>
            </param>
          </params>
          <reporter-output>
          </reporter-output>
        </test-method> <!-- testChangePassword -->
        <test-method is-config="true" signature="tearDown(org.testng.ITestResult)[pri:0, instance:com.dxc.iot.tests.ProfileTests@292b08d6]" started-at="2026-05-17T15:58:48 EEST" name="tearDown" finished-at="2026-05-17T15:58:48 EEST" duration-ms="223" status="PASS">
          <params>
            <param index="0">
              <value>
                <![CDATA[[TestResult name=testChangePassword status=SUCCESS method=ProfileTests.testChangePassword([Ljava.lang.Object;)[pri:0, instance:com.dxc.iot.tests.ProfileTests@292b08d6] output={null}]]]>
              </value>
            </param>
          </params>
          <reporter-output>
          </reporter-output>
        </test-method> <!-- tearDown -->
        <test-method is-config="true" signature="setUp()[pri:0, instance:com.dxc.iot.tests.ProfileTests@292b08d6]" started-at="2026-05-17T15:58:48 EEST" name="setUp" finished-at="2026-05-17T15:58:50 EEST" duration-ms="1494" status="PASS">
          <reporter-output>
          </reporter-output>
        </test-method> <!-- setUp -->
        <test-method signature="testChangePassword([Ljava.lang.Object;)[pri:0, instance:com.dxc.iot.tests.ProfileTests@292b08d6]" started-at="2026-05-17T15:58:50 EEST" name="testChangePassword" data-provider="profileData" finished-at="2026-05-17T15:58:53 EEST" duration-ms="3137" status="PASS">
          <params>
            <param index="0">
              <value>
                <![CDATA[[Ljava.lang.Object;@79273a4f]]>
              </value>
            </param>
          </params>
          <reporter-output>
          </reporter-output>
        </test-method> <!-- testChangePassword -->
        <test-method is-config="true" signature="tearDown(org.testng.ITestResult)[pri:0, instance:com.dxc.iot.tests.ProfileTests@292b08d6]" started-at="2026-05-17T15:58:53 EEST" name="tearDown" finished-at="2026-05-17T15:58:53 EEST" duration-ms="233" status="PASS">
          <params>
            <param index="0">
              <value>
                <![CDATA[[TestResult name=testChangePassword status=SUCCESS method=ProfileTests.testChangePassword([Ljava.lang.Object;)[pri:0, instance:com.dxc.iot.tests.ProfileTests@292b08d6] output={null}]]]>
              </value>
            </param>
          </params>
          <reporter-output>
          </reporter-output>
        </test-method> <!-- tearDown -->
        <test-method is-config="true" signature="setUp()[pri:0, instance:com.dxc.iot.tests.ProfileTests@292b08d6]" started-at="2026-05-17T15:58:53 EEST" name="setUp" finished-at="2026-05-17T15:58:54 EEST" duration-ms="1413" status="PASS">
          <reporter-output>
          </reporter-output>
        </test-method> <!-- setUp -->
        <test-method signature="testChangePassword([Ljava.lang.Object;)[pri:0, instance:com.dxc.iot.tests.ProfileTests@292b08d6]" started-at="2026-05-17T15:58:54 EEST" name="testChangePassword" data-provider="profileData" finished-at="2026-05-17T15:59:17 EEST" duration-ms="22738" status="PASS">
          <params>
            <param index="0">
              <value>
                <![CDATA[[Ljava.lang.Object;@369fb99a]]>
              </value>
            </param>
          </params>
          <reporter-output>
          </reporter-output>
        </test-method> <!-- testChangePassword -->
        <test-method is-config="true" signature="tearDown(org.testng.ITestResult)[pri:0, instance:com.dxc.iot.tests.ProfileTests@292b08d6]" started-at="2026-05-17T15:59:17 EEST" name="tearDown" finished-at="2026-05-17T15:59:17 EEST" duration-ms="350" status="PASS">
          <params>
            <param index="0">
              <value>
                <![CDATA[[TestResult name=testChangePassword status=SUCCESS method=ProfileTests.testChangePassword([Ljava.lang.Object;)[pri:0, instance:com.dxc.iot.tests.ProfileTests@292b08d6] output={null}]]]>
              </value>
            </param>
          </params>
          <reporter-output>
          </reporter-output>
        </test-method> <!-- tearDown -->
        <test-method is-config="true" signature="setUp()[pri:0, instance:com.dxc.iot.tests.ProfileTests@292b08d6]" started-at="2026-05-17T15:59:17 EEST" name="setUp" finished-at="2026-05-17T15:59:19 EEST" duration-ms="1618" status="PASS">
          <reporter-output>
          </reporter-output>
        </test-method> <!-- setUp -->
        <test-method signature="testChangePassword([Ljava.lang.Object;)[pri:0, instance:com.dxc.iot.tests.ProfileTests@292b08d6]" started-at="2026-05-17T15:59:19 EEST" name="testChangePassword" data-provider="profileData" finished-at="2026-05-17T15:59:22 EEST" duration-ms="3035" status="PASS">
          <params>
            <param index="0">
              <value>
                <![CDATA[[Ljava.lang.Object;@7bd694a5]]>
              </value>
            </param>
          </params>
          <reporter-output>
          </reporter-output>
        </test-method> <!-- testChangePassword -->
        <test-method is-config="true" signature="tearDown(org.testng.ITestResult)[pri:0, instance:com.dxc.iot.tests.ProfileTests@292b08d6]" started-at="2026-05-17T15:59:22 EEST" name="tearDown" finished-at="2026-05-17T15:59:22 EEST" duration-ms="261" status="PASS">
          <params>
            <param index="0">
              <value>
                <![CDATA[[TestResult name=testChangePassword status=SUCCESS method=ProfileTests.testChangePassword([Ljava.lang.Object;)[pri:0, instance:com.dxc.iot.tests.ProfileTests@292b08d6] output={null}]]]>
              </value>
            </param>
          </params>
          <reporter-output>
          </reporter-output>
        </test-method> <!-- tearDown -->
        <test-method is-config="true" signature="setUp()[pri:0, instance:com.dxc.iot.tests.ProfileTests@292b08d6]" started-at="2026-05-17T15:59:22 EEST" name="setUp" finished-at="2026-05-17T15:59:24 EEST" duration-ms="1488" status="PASS">
          <reporter-output>
          </reporter-output>
        </test-method> <!-- setUp -->
        <test-method signature="testProfileDataDisplay_A011()[pri:0, instance:com.dxc.iot.tests.ProfileTests@292b08d6]" started-at="2026-05-17T15:59:24 EEST" name="testProfileDataDisplay_A011" finished-at="2026-05-17T15:59:26 EEST" duration-ms="1942" status="PASS">
          <reporter-output>
          </reporter-output>
        </test-method> <!-- testProfileDataDisplay_A011 -->
        <test-method is-config="true" signature="tearDown(org.testng.ITestResult)[pri:0, instance:com.dxc.iot.tests.ProfileTests@292b08d6]" started-at="2026-05-17T15:59:26 EEST" name="tearDown" finished-at="2026-05-17T15:59:26 EEST" duration-ms="190" status="PASS">
          <params>
            <param index="0">
              <value>
                <![CDATA[[TestResult name=testProfileDataDisplay_A011 status=SUCCESS method=ProfileTests.testProfileDataDisplay_A011()[pri:0, instance:com.dxc.iot.tests.ProfileTests@292b08d6] output={null}]]]>
              </value>
            </param>
          </params>
          <reporter-output>
          </reporter-output>
        </test-method> <!-- tearDown -->
        <test-method is-config="true" signature="setUp()[pri:0, instance:com.dxc.iot.tests.ProfileTests@292b08d6]" started-at="2026-05-17T15:59:26 EEST" name="setUp" finished-at="2026-05-17T15:59:28 EEST" duration-ms="1516" status="PASS">
          <reporter-output>
          </reporter-output>
        </test-method> <!-- setUp -->
        <test-method signature="testProfileNavigation_A010()[pri:0, instance:com.dxc.iot.tests.ProfileTests@292b08d6]" started-at="2026-05-17T15:59:28 EEST" name="testProfileNavigation_A010" finished-at="2026-05-17T15:59:29 EEST" duration-ms="1716" status="PASS">
          <reporter-output>
          </reporter-output>
        </test-method> <!-- testProfileNavigation_A010 -->
        <test-method is-config="true" signature="tearDown(org.testng.ITestResult)[pri:0, instance:com.dxc.iot.tests.ProfileTests@292b08d6]" started-at="2026-05-17T15:59:29 EEST" name="tearDown" finished-at="2026-05-17T15:59:29 EEST" duration-ms="201" status="PASS">
          <params>
            <param index="0">
              <value>
                <![CDATA[[TestResult name=testProfileNavigation_A010 status=SUCCESS method=ProfileTests.testProfileNavigation_A010()[pri:0, instance:com.dxc.iot.tests.ProfileTests@292b08d6] output={null}]]]>
              </value>
            </param>
          </params>
          <reporter-output>
          </reporter-output>
        </test-method> <!-- tearDown -->
      </class> <!-- com.dxc.iot.tests.ProfileTests -->
      <class name="com.dxc.iot.tests.LoginTests">
        <test-method is-config="true" signature="setUp()[pri:0, instance:com.dxc.iot.tests.LoginTests@206a70ef]" started-at="2026-05-17T15:56:39 EEST" name="setUp" finished-at="2026-05-17T15:56:41 EEST" duration-ms="1526" status="PASS">
          <reporter-output>
          </reporter-output>
        </test-method> <!-- setUp -->
        <test-method signature="testLogin([Ljava.lang.Object;)[pri:1, instance:com.dxc.iot.tests.LoginTests@206a70ef]" started-at="2026-05-17T15:56:41 EEST" name="testLogin" data-provider="loginData" finished-at="2026-05-17T15:56:42 EEST" duration-ms="1464" status="PASS">
          <params>
            <param index="0">
              <value>
                <![CDATA[[Ljava.lang.Object;@650aa077]]>
              </value>
            </param>
          </params>
          <reporter-output>
          </reporter-output>
        </test-method> <!-- testLogin -->
        <test-method is-config="true" signature="tearDown(org.testng.ITestResult)[pri:0, instance:com.dxc.iot.tests.LoginTests@206a70ef]" started-at="2026-05-17T15:56:42 EEST" name="tearDown" finished-at="2026-05-17T15:56:43 EEST" duration-ms="219" status="PASS">
          <params>
            <param index="0">
              <value>
                <![CDATA[[TestResult name=testLogin status=SUCCESS method=LoginTests.testLogin([Ljava.lang.Object;)[pri:1, instance:com.dxc.iot.tests.LoginTests@206a70ef] output={null}]]]>
              </value>
            </param>
          </params>
          <reporter-output>
          </reporter-output>
        </test-method> <!-- tearDown -->
        <test-method is-config="true" signature="setUp()[pri:0, instance:com.dxc.iot.tests.LoginTests@206a70ef]" started-at="2026-05-17T15:56:43 EEST" name="setUp" finished-at="2026-05-17T15:56:44 EEST" duration-ms="1406" status="PASS">
          <reporter-output>
          </reporter-output>
        </test-method> <!-- setUp -->
        <test-method signature="testLogin([Ljava.lang.Object;)[pri:1, instance:com.dxc.iot.tests.LoginTests@206a70ef]" started-at="2026-05-17T15:56:44 EEST" name="testLogin" data-provider="loginData" finished-at="2026-05-17T15:56:45 EEST" duration-ms="1060" status="PASS">
          <params>
            <param index="0">
              <value>
                <![CDATA[[Ljava.lang.Object;@a0c5be]]>
              </value>
            </param>
          </params>
          <reporter-output>
          </reporter-output>
        </test-method> <!-- testLogin -->
        <test-method is-config="true" signature="tearDown(org.testng.ITestResult)[pri:0, instance:com.dxc.iot.tests.LoginTests@206a70ef]" started-at="2026-05-17T15:56:45 EEST" name="tearDown" finished-at="2026-05-17T15:56:45 EEST" duration-ms="172" status="PASS">
          <params>
            <param index="0">
              <value>
                <![CDATA[[TestResult name=testLogin status=SUCCESS method=LoginTests.testLogin([Ljava.lang.Object;)[pri:1, instance:com.dxc.iot.tests.LoginTests@206a70ef] output={null}]]]>
              </value>
            </param>
          </params>
          <reporter-output>
          </reporter-output>
        </test-method> <!-- tearDown -->
        <test-method is-config="true" signature="setUp()[pri:0, instance:com.dxc.iot.tests.LoginTests@206a70ef]" started-at="2026-05-17T15:56:45 EEST" name="setUp" finished-at="2026-05-17T15:56:47 EEST" duration-ms="1420" status="PASS">
          <reporter-output>
          </reporter-output>
        </test-method> <!-- setUp -->
        <test-method signature="testLogin([Ljava.lang.Object;)[pri:1, instance:com.dxc.iot.tests.LoginTests@206a70ef]" started-at="2026-05-17T15:56:47 EEST" name="testLogin" data-provider="loginData" finished-at="2026-05-17T15:56:47 EEST" duration-ms="549" status="PASS">
          <params>
            <param index="0">
              <value>
                <![CDATA[[Ljava.lang.Object;@2d4a3e13]]>
              </value>
            </param>
          </params>
          <reporter-output>
          </reporter-output>
        </test-method> <!-- testLogin -->
        <test-method is-config="true" signature="tearDown(org.testng.ITestResult)[pri:0, instance:com.dxc.iot.tests.LoginTests@206a70ef]" started-at="2026-05-17T15:56:47 EEST" name="tearDown" finished-at="2026-05-17T15:56:47 EEST" duration-ms="147" status="PASS">
          <params>
            <param index="0">
              <value>
                <![CDATA[[TestResult name=testLogin status=SUCCESS method=LoginTests.testLogin([Ljava.lang.Object;)[pri:1, instance:com.dxc.iot.tests.LoginTests@206a70ef] output={null}]]]>
              </value>
            </param>
          </params>
          <reporter-output>
          </reporter-output>
        </test-method> <!-- tearDown -->
        <test-method is-config="true" signature="setUp()[pri:0, instance:com.dxc.iot.tests.LoginTests@206a70ef]" started-at="2026-05-17T15:56:47 EEST" name="setUp" finished-at="2026-05-17T15:56:49 EEST" duration-ms="1455" status="PASS">
          <reporter-output>
          </reporter-output>
        </test-method> <!-- setUp -->
        <test-method signature="testLogin([Ljava.lang.Object;)[pri:1, instance:com.dxc.iot.tests.LoginTests@206a70ef]" started-at="2026-05-17T15:56:49 EEST" name="testLogin" data-provider="loginData" finished-at="2026-05-17T15:56:50 EEST" duration-ms="1186" status="PASS">
          <params>
            <param index="0">
              <value>
                <![CDATA[[Ljava.lang.Object;@68e5c7ae]]>
              </value>
            </param>
          </params>
          <reporter-output>
          </reporter-output>
        </test-method> <!-- testLogin -->
        <test-method is-config="true" signature="tearDown(org.testng.ITestResult)[pri:0, instance:com.dxc.iot.tests.LoginTests@206a70ef]" started-at="2026-05-17T15:56:50 EEST" name="tearDown" finished-at="2026-05-17T15:56:50 EEST" duration-ms="144" status="PASS">
          <params>
            <param index="0">
              <value>
                <![CDATA[[TestResult name=testLogin status=SUCCESS method=LoginTests.testLogin([Ljava.lang.Object;)[pri:1, instance:com.dxc.iot.tests.LoginTests@206a70ef] output={null}]]]>
              </value>
            </param>
          </params>
          <reporter-output>
          </reporter-output>
        </test-method> <!-- tearDown -->
        <test-method is-config="true" signature="setUp()[pri:0, instance:com.dxc.iot.tests.LoginTests@206a70ef]" started-at="2026-05-17T15:56:50 EEST" name="setUp" finished-at="2026-05-17T15:56:52 EEST" duration-ms="1487" status="PASS">
          <reporter-output>
          </reporter-output>
        </test-method> <!-- setUp -->
        <test-method signature="testPasswordToggle_A044()[pri:2, instance:com.dxc.iot.tests.LoginTests@206a70ef]" started-at="2026-05-17T15:56:52 EEST" name="testPasswordToggle_A044" finished-at="2026-05-17T15:56:52 EEST" duration-ms="944" status="PASS">
          <reporter-output>
          </reporter-output>
        </test-method> <!-- testPasswordToggle_A044 -->
        <test-method is-config="true" signature="tearDown(org.testng.ITestResult)[pri:0, instance:com.dxc.iot.tests.LoginTests@206a70ef]" started-at="2026-05-17T15:56:52 EEST" name="tearDown" finished-at="2026-05-17T15:56:53 EEST" duration-ms="131" status="PASS">
          <params>
            <param index="0">
              <value>
                <![CDATA[[TestResult name=testPasswordToggle_A044 status=SUCCESS method=LoginTests.testPasswordToggle_A044()[pri:2, instance:com.dxc.iot.tests.LoginTests@206a70ef] output={null}]]]>
              </value>
            </param>
          </params>
          <reporter-output>
          </reporter-output>
        </test-method> <!-- tearDown -->
        <test-method is-config="true" signature="setUp()[pri:0, instance:com.dxc.iot.tests.LoginTests@206a70ef]" started-at="2026-05-17T15:56:53 EEST" name="setUp" finished-at="2026-05-17T15:56:54 EEST" duration-ms="1450" status="PASS">
          <reporter-output>
          </reporter-output>
        </test-method> <!-- setUp -->
        <test-method signature="testCreateOneLinkNavigation_A045()[pri:3, instance:com.dxc.iot.tests.LoginTests@206a70ef]" started-at="2026-05-17T15:56:54 EEST" name="testCreateOneLinkNavigation_A045" finished-at="2026-05-17T15:56:55 EEST" duration-ms="1135" status="PASS">
          <reporter-output>
          </reporter-output>
        </test-method> <!-- testCreateOneLinkNavigation_A045 -->
        <test-method is-config="true" signature="tearDown(org.testng.ITestResult)[pri:0, instance:com.dxc.iot.tests.LoginTests@206a70ef]" started-at="2026-05-17T15:56:55 EEST" name="tearDown" finished-at="2026-05-17T15:56:55 EEST" duration-ms="198" status="PASS">
          <params>
            <param index="0">
              <value>
                <![CDATA[[TestResult name=testCreateOneLinkNavigation_A045 status=SUCCESS method=LoginTests.testCreateOneLinkNavigation_A045()[pri:3, instance:com.dxc.iot.tests.LoginTests@206a70ef] output={null}]]]>
              </value>
            </param>
          </params>
          <reporter-output>
          </reporter-output>
        </test-method> <!-- tearDown -->
        <test-method is-config="true" signature="setUp()[pri:0, instance:com.dxc.iot.tests.LoginTests@206a70ef]" started-at="2026-05-17T15:56:55 EEST" name="setUp" finished-at="2026-05-17T15:56:57 EEST" duration-ms="1403" status="PASS">
          <reporter-output>
          </reporter-output>
        </test-method> <!-- setUp -->
        <test-method signature="testAccountLocked_A046()[pri:4, instance:com.dxc.iot.tests.LoginTests@206a70ef]" started-at="2026-05-17T15:56:57 EEST" name="testAccountLocked_A046" finished-at="2026-05-17T15:58:23 EEST" duration-ms="86386" status="FAIL">
          <exception class="java.lang.AssertionError">
            <message>
              <![CDATA[TC-FE-A046: Expected locked-banner after 3 failed attempts expected [true] but found [false]]]>
            </message>
            <full-stacktrace>
              <![CDATA[java.lang.AssertionError: TC-FE-A046: Expected locked-banner after 3 failed attempts expected [true] but found [false]
at org.testng.Assert.fail(Assert.java:111)
at org.testng.Assert.failNotEquals(Assert.java:1578)
at org.testng.Assert.assertTrue(Assert.java:57)
at com.dxc.iot.tests.LoginTests.testAccountLocked_A046(LoginTests.java:156)
at java.base/jdk.internal.reflect.DirectMethodHandleAccessor.invoke(DirectMethodHandleAccessor.java:103)
at java.base/java.lang.reflect.Method.invoke(Method.java:580)
at org.testng.internal.invokers.MethodInvocationHelper.invokeMethod(MethodInvocationHelper.java:141)
at org.testng.internal.invokers.TestInvoker.invokeMethod(TestInvoker.java:686)
at org.testng.internal.invokers.TestInvoker.invokeTestMethod(TestInvoker.java:230)
at org.testng.internal.invokers.MethodRunner.runInSequence(MethodRunner.java:63)
at org.testng.internal.invokers.TestInvoker$MethodInvocationAgent.invoke(TestInvoker.java:992)
at org.testng.internal.invokers.TestInvoker.invokeTestMethods(TestInvoker.java:203)
at org.testng.internal.invokers.TestMethodWorker.invokeTestMethods(TestMethodWorker.java:154)
at org.testng.internal.invokers.TestMethodWorker.run(TestMethodWorker.java:134)
at java.base/java.util.ArrayList.forEach(ArrayList.java:1597)
at org.testng.TestRunner.privateRun(TestRunner.java:739)
at org.testng.TestRunner.run(TestRunner.java:614)
at org.testng.SuiteRunner.runTest(SuiteRunner.java:421)
at org.testng.SuiteRunner.runSequentially(SuiteRunner.java:413)
at org.testng.SuiteRunner.privateRun(SuiteRunner.java:373)
at org.testng.SuiteRunner.run(SuiteRunner.java:312)
at org.testng.SuiteRunnerWorker.runSuite(SuiteRunnerWorker.java:52)
at org.testng.SuiteRunnerWorker.run(SuiteRunnerWorker.java:95)
at org.testng.TestNG.runSuitesSequentially(TestNG.java:1274)
at org.testng.TestNG.runSuitesLocally(TestNG.java:1208)
at org.testng.TestNG.runSuites(TestNG.java:1112)
at org.testng.TestNG.run(TestNG.java:1079)
at org.apache.maven.surefire.testng.TestNGExecutor.run(TestNGExecutor.java:308)
at org.apache.maven.surefire.testng.TestNGXmlTestSuite.execute(TestNGXmlTestSuite.java:71)
at org.apache.maven.surefire.testng.TestNGProvider.invoke(TestNGProvider.java:113)
at org.apache.maven.surefire.booter.ForkedBooter.runSuitesInProcess(ForkedBooter.java:385)
at org.apache.maven.surefire.booter.ForkedBooter.execute(ForkedBooter.java:162)
at org.apache.maven.surefire.booter.ForkedBooter.run(ForkedBooter.java:507)
at org.apache.maven.surefire.booter.ForkedBooter.main(ForkedBooter.java:495)
]]>
            </full-stacktrace>
          </exception> <!-- java.lang.AssertionError -->
          <reporter-output>
          </reporter-output>
        </test-method> <!-- testAccountLocked_A046 -->
        <test-method is-config="true" signature="tearDown(org.testng.ITestResult)[pri:0, instance:com.dxc.iot.tests.LoginTests@206a70ef]" started-at="2026-05-17T15:58:23 EEST" name="tearDown" finished-at="2026-05-17T15:58:25 EEST" duration-ms="1713" status="PASS">
          <params>
            <param index="0">
              <value>
                <![CDATA[[TestResult name=testAccountLocked_A046 status=FAILURE method=LoginTests.testAccountLocked_A046()[pri:4, instance:com.dxc.iot.tests.LoginTests@206a70ef] output={null}]]]>
              </value>
            </param>
          </params>
          <reporter-output>
          </reporter-output>
        </test-method> <!-- tearDown -->
      </class> <!-- com.dxc.iot.tests.LoginTests -->
      <class name="com.dxc.iot.tests.SignUpTests">
        <test-method is-config="true" signature="setUp()[pri:0, instance:com.dxc.iot.tests.SignUpTests@34a3d150]" started-at="2026-05-17T15:55:53 EEST" name="setUp" finished-at="2026-05-17T15:55:55 EEST" duration-ms="2413" status="PASS">
          <reporter-output>
          </reporter-output>
        </test-method> <!-- setUp -->
        <test-method signature="testSignUp([Ljava.lang.Object;)[pri:1, instance:com.dxc.iot.tests.SignUpTests@34a3d150]" started-at="2026-05-17T15:55:55 EEST" name="testSignUp" data-provider="signupData" finished-at="2026-05-17T15:55:58 EEST" duration-ms="2645" status="PASS">
          <params>
            <param index="0">
              <value>
                <![CDATA[[Ljava.lang.Object;@6b8280e6]]>
              </value>
            </param>
          </params>
          <reporter-output>
          </reporter-output>
        </test-method> <!-- testSignUp -->
        <test-method is-config="true" signature="tearDown(org.testng.ITestResult)[pri:0, instance:com.dxc.iot.tests.SignUpTests@34a3d150]" started-at="2026-05-17T15:55:58 EEST" name="tearDown" finished-at="2026-05-17T15:55:58 EEST" duration-ms="273" status="PASS">
          <params>
            <param index="0">
              <value>
                <![CDATA[[TestResult name=testSignUp status=SUCCESS method=SignUpTests.testSignUp([Ljava.lang.Object;)[pri:1, instance:com.dxc.iot.tests.SignUpTests@34a3d150] output={null}]]]>
              </value>
            </param>
          </params>
          <reporter-output>
          </reporter-output>
        </test-method> <!-- tearDown -->
        <test-method is-config="true" signature="setUp()[pri:0, instance:com.dxc.iot.tests.SignUpTests@34a3d150]" started-at="2026-05-17T15:55:58 EEST" name="setUp" finished-at="2026-05-17T15:56:00 EEST" duration-ms="1449" status="PASS">
          <reporter-output>
          </reporter-output>
        </test-method> <!-- setUp -->
        <test-method signature="testSignUp([Ljava.lang.Object;)[pri:1, instance:com.dxc.iot.tests.SignUpTests@34a3d150]" started-at="2026-05-17T15:56:00 EEST" name="testSignUp" data-provider="signupData" finished-at="2026-05-17T15:56:02 EEST" duration-ms="1930" status="PASS">
          <params>
            <param index="0">
              <value>
                <![CDATA[[Ljava.lang.Object;@75d982d3]]>
              </value>
            </param>
          </params>
          <reporter-output>
          </reporter-output>
        </test-method> <!-- testSignUp -->
        <test-method is-config="true" signature="tearDown(org.testng.ITestResult)[pri:0, instance:com.dxc.iot.tests.SignUpTests@34a3d150]" started-at="2026-05-17T15:56:02 EEST" name="tearDown" finished-at="2026-05-17T15:56:02 EEST" duration-ms="232" status="PASS">
          <params>
            <param index="0">
              <value>
                <![CDATA[[TestResult name=testSignUp status=SUCCESS method=SignUpTests.testSignUp([Ljava.lang.Object;)[pri:1, instance:com.dxc.iot.tests.SignUpTests@34a3d150] output={null}]]]>
              </value>
            </param>
          </params>
          <reporter-output>
          </reporter-output>
        </test-method> <!-- tearDown -->
        <test-method is-config="true" signature="setUp()[pri:0, instance:com.dxc.iot.tests.SignUpTests@34a3d150]" started-at="2026-05-17T15:56:02 EEST" name="setUp" finished-at="2026-05-17T15:56:03 EEST" duration-ms="1413" status="PASS">
          <reporter-output>
          </reporter-output>
        </test-method> <!-- setUp -->
        <test-method signature="testSignUp([Ljava.lang.Object;)[pri:1, instance:com.dxc.iot.tests.SignUpTests@34a3d150]" started-at="2026-05-17T15:56:03 EEST" name="testSignUp" data-provider="signupData" finished-at="2026-05-17T15:56:05 EEST" duration-ms="1497" status="PASS">
          <params>
            <param index="0">
              <value>
                <![CDATA[[Ljava.lang.Object;@43c87306]]>
              </value>
            </param>
          </params>
          <reporter-output>
          </reporter-output>
        </test-method> <!-- testSignUp -->
        <test-method is-config="true" signature="tearDown(org.testng.ITestResult)[pri:0, instance:com.dxc.iot.tests.SignUpTests@34a3d150]" started-at="2026-05-17T15:56:05 EEST" name="tearDown" finished-at="2026-05-17T15:56:05 EEST" duration-ms="166" status="PASS">
          <params>
            <param index="0">
              <value>
                <![CDATA[[TestResult name=testSignUp status=SUCCESS method=SignUpTests.testSignUp([Ljava.lang.Object;)[pri:1, instance:com.dxc.iot.tests.SignUpTests@34a3d150] output={null}]]]>
              </value>
            </param>
          </params>
          <reporter-output>
          </reporter-output>
        </test-method> <!-- tearDown -->
        <test-method is-config="true" signature="setUp()[pri:0, instance:com.dxc.iot.tests.SignUpTests@34a3d150]" started-at="2026-05-17T15:56:05 EEST" name="setUp" finished-at="2026-05-17T15:56:07 EEST" duration-ms="1635" status="PASS">
          <reporter-output>
          </reporter-output>
        </test-method> <!-- setUp -->
        <test-method signature="testSignUp([Ljava.lang.Object;)[pri:1, instance:com.dxc.iot.tests.SignUpTests@34a3d150]" started-at="2026-05-17T15:56:07 EEST" name="testSignUp" data-provider="signupData" finished-at="2026-05-17T15:56:08 EEST" duration-ms="1880" status="PASS">
          <params>
            <param index="0">
              <value>
                <![CDATA[[Ljava.lang.Object;@5b9499fe]]>
              </value>
            </param>
          </params>
          <reporter-output>
          </reporter-output>
        </test-method> <!-- testSignUp -->
        <test-method is-config="true" signature="tearDown(org.testng.ITestResult)[pri:0, instance:com.dxc.iot.tests.SignUpTests@34a3d150]" started-at="2026-05-17T15:56:08 EEST" name="tearDown" finished-at="2026-05-17T15:56:09 EEST" duration-ms="207" status="PASS">
          <params>
            <param index="0">
              <value>
                <![CDATA[[TestResult name=testSignUp status=SUCCESS method=SignUpTests.testSignUp([Ljava.lang.Object;)[pri:1, instance:com.dxc.iot.tests.SignUpTests@34a3d150] output={null}]]]>
              </value>
            </param>
          </params>
          <reporter-output>
          </reporter-output>
        </test-method> <!-- tearDown -->
        <test-method is-config="true" signature="setUp()[pri:0, instance:com.dxc.iot.tests.SignUpTests@34a3d150]" started-at="2026-05-17T15:56:09 EEST" name="setUp" finished-at="2026-05-17T15:56:10 EEST" duration-ms="1504" status="PASS">
          <reporter-output>
          </reporter-output>
        </test-method> <!-- setUp -->
        <test-method signature="testSignUp([Ljava.lang.Object;)[pri:1, instance:com.dxc.iot.tests.SignUpTests@34a3d150]" started-at="2026-05-17T15:56:10 EEST" name="testSignUp" data-provider="signupData" finished-at="2026-05-17T15:56:12 EEST" duration-ms="2086" status="PASS">
          <params>
            <param index="0">
              <value>
                <![CDATA[[Ljava.lang.Object;@65e22def]]>
              </value>
            </param>
          </params>
          <reporter-output>
          </reporter-output>
        </test-method> <!-- testSignUp -->
        <test-method is-config="true" signature="tearDown(org.testng.ITestResult)[pri:0, instance:com.dxc.iot.tests.SignUpTests@34a3d150]" started-at="2026-05-17T15:56:12 EEST" name="tearDown" finished-at="2026-05-17T15:56:12 EEST" duration-ms="259" status="PASS">
          <params>
            <param index="0">
              <value>
                <![CDATA[[TestResult name=testSignUp status=SUCCESS method=SignUpTests.testSignUp([Ljava.lang.Object;)[pri:1, instance:com.dxc.iot.tests.SignUpTests@34a3d150] output={null}]]]>
              </value>
            </param>
          </params>
          <reporter-output>
          </reporter-output>
        </test-method> <!-- tearDown -->
        <test-method is-config="true" signature="setUp()[pri:0, instance:com.dxc.iot.tests.SignUpTests@34a3d150]" started-at="2026-05-17T15:56:12 EEST" name="setUp" finished-at="2026-05-17T15:56:14 EEST" duration-ms="1463" status="PASS">
          <reporter-output>
          </reporter-output>
        </test-method> <!-- setUp -->
        <test-method signature="testRemoveAvatar_A047()[pri:2, instance:com.dxc.iot.tests.SignUpTests@34a3d150]" started-at="2026-05-17T15:56:14 EEST" name="testRemoveAvatar_A047" finished-at="2026-05-17T15:56:35 EEST" duration-ms="21515" status="PASS">
          <reporter-output>
          </reporter-output>
        </test-method> <!-- testRemoveAvatar_A047 -->
        <test-method is-config="true" signature="tearDown(org.testng.ITestResult)[pri:0, instance:com.dxc.iot.tests.SignUpTests@34a3d150]" started-at="2026-05-17T15:56:35 EEST" name="tearDown" finished-at="2026-05-17T15:56:36 EEST" duration-ms="282" status="PASS">
          <params>
            <param index="0">
              <value>
                <![CDATA[[TestResult name=testRemoveAvatar_A047 status=SUCCESS method=SignUpTests.testRemoveAvatar_A047()[pri:2, instance:com.dxc.iot.tests.SignUpTests@34a3d150] output={null}]]]>
              </value>
            </param>
          </params>
          <reporter-output>
          </reporter-output>
        </test-method> <!-- tearDown -->
        <test-method is-config="true" signature="setUp()[pri:0, instance:com.dxc.iot.tests.SignUpTests@34a3d150]" started-at="2026-05-17T15:56:36 EEST" name="setUp" finished-at="2026-05-17T15:56:38 EEST" duration-ms="2188" status="PASS">
          <reporter-output>
          </reporter-output>
        </test-method> <!-- setUp -->
        <test-method signature="testLoginLinkNavigation_A048()[pri:3, instance:com.dxc.iot.tests.SignUpTests@34a3d150]" started-at="2026-05-17T15:56:38 EEST" name="testLoginLinkNavigation_A048" finished-at="2026-05-17T15:56:39 EEST" duration-ms="1139" status="PASS">
          <reporter-output>
          </reporter-output>
        </test-method> <!-- testLoginLinkNavigation_A048 -->
        <test-method is-config="true" signature="tearDown(org.testng.ITestResult)[pri:0, instance:com.dxc.iot.tests.SignUpTests@34a3d150]" started-at="2026-05-17T15:56:39 EEST" name="tearDown" finished-at="2026-05-17T15:56:39 EEST" duration-ms="193" status="PASS">
          <params>
            <param index="0">
              <value>
                <![CDATA[[TestResult name=testLoginLinkNavigation_A048 status=SUCCESS method=SignUpTests.testLoginLinkNavigation_A048()[pri:3, instance:com.dxc.iot.tests.SignUpTests@34a3d150] output={null}]]]>
              </value>
            </param>
          </params>
          <reporter-output>
          </reporter-output>
        </test-method> <!-- tearDown -->
      </class> <!-- com.dxc.iot.tests.SignUpTests -->
      <class name="com.dxc.iot.tests.HomeTests">
        <test-method is-config="true" signature="setUp()[pri:0, instance:com.dxc.iot.tests.HomeTests@36ebc363]" started-at="2026-05-17T16:04:13 EEST" name="setUp" finished-at="2026-05-17T16:04:15 EEST" duration-ms="1466" status="PASS">
          <reporter-output>
          </reporter-output>
        </test-method> <!-- setUp -->
        <test-method signature="testHomePageFeatures([Ljava.lang.Object;)[pri:0, instance:com.dxc.iot.tests.HomeTests@36ebc363]" started-at="2026-05-17T16:04:15 EEST" name="testHomePageFeatures" data-provider="homeData" finished-at="2026-05-17T16:04:16 EEST" duration-ms="1645" status="PASS">
          <params>
            <param index="0">
              <value>
                <![CDATA[[Ljava.lang.Object;@14404be2]]>
              </value>
            </param>
          </params>
          <reporter-output>
          </reporter-output>
        </test-method> <!-- testHomePageFeatures -->
        <test-method is-config="true" signature="tearDown(org.testng.ITestResult)[pri:0, instance:com.dxc.iot.tests.HomeTests@36ebc363]" started-at="2026-05-17T16:04:16 EEST" name="tearDown" finished-at="2026-05-17T16:04:16 EEST" duration-ms="201" status="PASS">
          <params>
            <param index="0">
              <value>
                <![CDATA[[TestResult name=testHomePageFeatures status=SUCCESS method=HomeTests.testHomePageFeatures([Ljava.lang.Object;)[pri:0, instance:com.dxc.iot.tests.HomeTests@36ebc363] output={null}]]]>
              </value>
            </param>
          </params>
          <reporter-output>
          </reporter-output>
        </test-method> <!-- tearDown -->
        <test-method is-config="true" signature="setUp()[pri:0, instance:com.dxc.iot.tests.HomeTests@36ebc363]" started-at="2026-05-17T16:04:16 EEST" name="setUp" finished-at="2026-05-17T16:04:18 EEST" duration-ms="1600" status="PASS">
          <reporter-output>
          </reporter-output>
        </test-method> <!-- setUp -->
        <test-method signature="testHomePageFeatures([Ljava.lang.Object;)[pri:0, instance:com.dxc.iot.tests.HomeTests@36ebc363]" started-at="2026-05-17T16:04:18 EEST" name="testHomePageFeatures" data-provider="homeData" finished-at="2026-05-17T16:04:40 EEST" duration-ms="22121" status="FAIL">
          <params>
            <param index="0">
              <value>
                <![CDATA[[Ljava.lang.Object;@5135b459]]>
              </value>
            </param>
          </params>
          <exception class="org.openqa.selenium.TimeoutException">
            <message>
              <![CDATA[Expected condition failed: waiting for element to be clickable: By.cssSelector: .modal-card .modal-close (tried for 20 second(s) with 500 milliseconds interval)
Build info: version: '4.27.0', revision: 'd6e718d134'
System info: os.name: 'Windows 11', os.arch: 'amd64', os.version: '10.0', java.version: '23.0.1'
Driver info: org.openqa.selenium.chrome.ChromeDriver
Capabilities {acceptInsecureCerts: false, browserName: chrome, browserVersion: 148.0.7778.168, chrome: {chromedriverVersion: 148.0.7778.167 (65db666ac2c..., userDataDir: C:\Users\habiba\AppData\Loc...}, fedcm:accounts: true, goog:chromeOptions: {debuggerAddress: localhost:52827}, goog:processID: 36976, networkConnectionEnabled: false, pageLoadStrategy: normal, platformName: windows, proxy: Proxy(), se:cdp: ws://localhost:52827/devtoo..., se:cdpVersion: 148.0.7778.168, setWindowRect: true, strictFileInteractability: false, timeouts: {implicit: 0, pageLoad: 300000, script: 30000}, unhandledPromptBehavior: dismiss and notify, webauthn:extension:credBlob: true, webauthn:extension:largeBlob: true, webauthn:extension:minPinLength: true, webauthn:extension:prf: true, webauthn:virtualAuthenticators: true}
Session ID: 9c00d298bab254d47317e6d9c261bb21]]>
            </message>
            <full-stacktrace>
              <![CDATA[org.openqa.selenium.TimeoutException: Expected condition failed: waiting for element to be clickable: By.cssSelector: .modal-card .modal-close (tried for 20 second(s) with 500 milliseconds interval)
Build info: version: '4.27.0', revision: 'd6e718d134'
System info: os.name: 'Windows 11', os.arch: 'amd64', os.version: '10.0', java.version: '23.0.1'
Driver info: org.openqa.selenium.chrome.ChromeDriver
Capabilities {acceptInsecureCerts: false, browserName: chrome, browserVersion: 148.0.7778.168, chrome: {chromedriverVersion: 148.0.7778.167 (65db666ac2c..., userDataDir: C:\Users\habiba\AppData\Loc...}, fedcm:accounts: true, goog:chromeOptions: {debuggerAddress: localhost:52827}, goog:processID: 36976, networkConnectionEnabled: false, pageLoadStrategy: normal, platformName: windows, proxy: Proxy(), se:cdp: ws://localhost:52827/devtoo..., se:cdpVersion: 148.0.7778.168, setWindowRect: true, strictFileInteractability: false, timeouts: {implicit: 0, pageLoad: 300000, script: 30000}, unhandledPromptBehavior: dismiss and notify, webauthn:extension:credBlob: true, webauthn:extension:largeBlob: true, webauthn:extension:minPinLength: true, webauthn:extension:prf: true, webauthn:virtualAuthenticators: true}
Session ID: 9c00d298bab254d47317e6d9c261bb21
at org.openqa.selenium.support.ui.WebDriverWait.timeoutException(WebDriverWait.java:84)
at org.openqa.selenium.support.ui.FluentWait.until(FluentWait.java:228)
at com.dxc.iot.base.BasePage.click(BasePage.java:31)
at com.dxc.iot.pages.HomePage.closeModal(HomePage.java:96)
at com.dxc.iot.tests.HomeTests.testHomePageFeatures(HomeTests.java:60)
at java.base/jdk.internal.reflect.DirectMethodHandleAccessor.invoke(DirectMethodHandleAccessor.java:103)
at java.base/java.lang.reflect.Method.invoke(Method.java:580)
at org.testng.internal.invokers.MethodInvocationHelper.invokeMethod(MethodInvocationHelper.java:141)
at org.testng.internal.invokers.TestInvoker.invokeMethod(TestInvoker.java:686)
at org.testng.internal.invokers.TestInvoker.invokeTestMethod(TestInvoker.java:230)
at org.testng.internal.invokers.MethodRunner.runInSequence(MethodRunner.java:63)
at org.testng.internal.invokers.TestInvoker$MethodInvocationAgent.invoke(TestInvoker.java:992)
at org.testng.internal.invokers.TestInvoker.invokeTestMethods(TestInvoker.java:203)
at org.testng.internal.invokers.TestMethodWorker.invokeTestMethods(TestMethodWorker.java:154)
at org.testng.internal.invokers.TestMethodWorker.run(TestMethodWorker.java:134)
at java.base/java.util.ArrayList.forEach(ArrayList.java:1597)
at org.testng.TestRunner.privateRun(TestRunner.java:739)
at org.testng.TestRunner.run(TestRunner.java:614)
at org.testng.SuiteRunner.runTest(SuiteRunner.java:421)
at org.testng.SuiteRunner.runSequentially(SuiteRunner.java:413)
at org.testng.SuiteRunner.privateRun(SuiteRunner.java:373)
at org.testng.SuiteRunner.run(SuiteRunner.java:312)
at org.testng.SuiteRunnerWorker.runSuite(SuiteRunnerWorker.java:52)
at org.testng.SuiteRunnerWorker.run(SuiteRunnerWorker.java:95)
at org.testng.TestNG.runSuitesSequentially(TestNG.java:1274)
at org.testng.TestNG.runSuitesLocally(TestNG.java:1208)
at org.testng.TestNG.runSuites(TestNG.java:1112)
at org.testng.TestNG.run(TestNG.java:1079)
at org.apache.maven.surefire.testng.TestNGExecutor.run(TestNGExecutor.java:308)
at org.apache.maven.surefire.testng.TestNGXmlTestSuite.execute(TestNGXmlTestSuite.java:71)
at org.apache.maven.surefire.testng.TestNGProvider.invoke(TestNGProvider.java:113)
at org.apache.maven.surefire.booter.ForkedBooter.runSuitesInProcess(ForkedBooter.java:385)
at org.apache.maven.surefire.booter.ForkedBooter.execute(ForkedBooter.java:162)
at org.apache.maven.surefire.booter.ForkedBooter.run(ForkedBooter.java:507)
at org.apache.maven.surefire.booter.ForkedBooter.main(ForkedBooter.java:495)
]]>
            </full-stacktrace>
          </exception> <!-- org.openqa.selenium.TimeoutException -->
          <reporter-output>
          </reporter-output>
        </test-method> <!-- testHomePageFeatures -->
        <test-method is-config="true" signature="tearDown(org.testng.ITestResult)[pri:0, instance:com.dxc.iot.tests.HomeTests@36ebc363]" started-at="2026-05-17T16:04:40 EEST" name="tearDown" finished-at="2026-05-17T16:04:41 EEST" duration-ms="676" status="PASS">
          <params>
            <param index="0">
              <value>
                <![CDATA[[TestResult name=testHomePageFeatures status=FAILURE method=HomeTests.testHomePageFeatures([Ljava.lang.Object;)[pri:0, instance:com.dxc.iot.tests.HomeTests@36ebc363] output={null}]]]>
              </value>
            </param>
          </params>
          <reporter-output>
          </reporter-output>
        </test-method> <!-- tearDown -->
        <test-method is-config="true" signature="setUp()[pri:0, instance:com.dxc.iot.tests.HomeTests@36ebc363]" started-at="2026-05-17T16:04:41 EEST" name="setUp" finished-at="2026-05-17T16:04:43 EEST" duration-ms="1652" status="PASS">
          <reporter-output>
          </reporter-output>
        </test-method> <!-- setUp -->
        <test-method signature="testHomePageFeatures([Ljava.lang.Object;)[pri:0, instance:com.dxc.iot.tests.HomeTests@36ebc363]" started-at="2026-05-17T16:04:43 EEST" name="testHomePageFeatures" data-provider="homeData" finished-at="2026-05-17T16:04:45 EEST" duration-ms="2321" status="PASS">
          <params>
            <param index="0">
              <value>
                <![CDATA[[Ljava.lang.Object;@75be3cdf]]>
              </value>
            </param>
          </params>
          <reporter-output>
          </reporter-output>
        </test-method> <!-- testHomePageFeatures -->
        <test-method is-config="true" signature="tearDown(org.testng.ITestResult)[pri:0, instance:com.dxc.iot.tests.HomeTests@36ebc363]" started-at="2026-05-17T16:04:45 EEST" name="tearDown" finished-at="2026-05-17T16:04:45 EEST" duration-ms="217" status="PASS">
          <params>
            <param index="0">
              <value>
                <![CDATA[[TestResult name=testHomePageFeatures status=SUCCESS method=HomeTests.testHomePageFeatures([Ljava.lang.Object;)[pri:0, instance:com.dxc.iot.tests.HomeTests@36ebc363] output={null}]]]>
              </value>
            </param>
          </params>
          <reporter-output>
          </reporter-output>
        </test-method> <!-- tearDown -->
        <test-method is-config="true" signature="setUp()[pri:0, instance:com.dxc.iot.tests.HomeTests@36ebc363]" started-at="2026-05-17T16:04:45 EEST" name="setUp" finished-at="2026-05-17T16:04:47 EEST" duration-ms="1514" status="PASS">
          <reporter-output>
          </reporter-output>
        </test-method> <!-- setUp -->
        <test-method signature="testHomePageFeatures([Ljava.lang.Object;)[pri:0, instance:com.dxc.iot.tests.HomeTests@36ebc363]" started-at="2026-05-17T16:04:47 EEST" name="testHomePageFeatures" data-provider="homeData" finished-at="2026-05-17T16:04:49 EEST" duration-ms="2710" status="PASS">
          <params>
            <param index="0">
              <value>
                <![CDATA[[Ljava.lang.Object;@454056b]]>
              </value>
            </param>
          </params>
          <reporter-output>
          </reporter-output>
        </test-method> <!-- testHomePageFeatures -->
        <test-method is-config="true" signature="tearDown(org.testng.ITestResult)[pri:0, instance:com.dxc.iot.tests.HomeTests@36ebc363]" started-at="2026-05-17T16:04:49 EEST" name="tearDown" finished-at="2026-05-17T16:04:50 EEST" duration-ms="224" status="PASS">
          <params>
            <param index="0">
              <value>
                <![CDATA[[TestResult name=testHomePageFeatures status=SUCCESS method=HomeTests.testHomePageFeatures([Ljava.lang.Object;)[pri:0, instance:com.dxc.iot.tests.HomeTests@36ebc363] output={null}]]]>
              </value>
            </param>
          </params>
          <reporter-output>
          </reporter-output>
        </test-method> <!-- tearDown -->
        <test-method is-config="true" signature="setUp()[pri:0, instance:com.dxc.iot.tests.HomeTests@36ebc363]" started-at="2026-05-17T16:04:50 EEST" name="setUp" finished-at="2026-05-17T16:04:51 EEST" duration-ms="1595" status="PASS">
          <reporter-output>
          </reporter-output>
        </test-method> <!-- setUp -->
        <test-method signature="testHomePageFeatures([Ljava.lang.Object;)[pri:0, instance:com.dxc.iot.tests.HomeTests@36ebc363]" started-at="2026-05-17T16:04:51 EEST" name="testHomePageFeatures" data-provider="homeData" finished-at="2026-05-17T16:04:53 EEST" duration-ms="1871" status="PASS">
          <params>
            <param index="0">
              <value>
                <![CDATA[[Ljava.lang.Object;@29478556]]>
              </value>
            </param>
          </params>
          <reporter-output>
          </reporter-output>
        </test-method> <!-- testHomePageFeatures -->
        <test-method is-config="true" signature="tearDown(org.testng.ITestResult)[pri:0, instance:com.dxc.iot.tests.HomeTests@36ebc363]" started-at="2026-05-17T16:04:53 EEST" name="tearDown" finished-at="2026-05-17T16:04:53 EEST" duration-ms="213" status="PASS">
          <params>
            <param index="0">
              <value>
                <![CDATA[[TestResult name=testHomePageFeatures status=SUCCESS method=HomeTests.testHomePageFeatures([Ljava.lang.Object;)[pri:0, instance:com.dxc.iot.tests.HomeTests@36ebc363] output={null}]]]>
              </value>
            </param>
          </params>
          <reporter-output>
          </reporter-output>
        </test-method> <!-- tearDown -->
        <test-method is-config="true" signature="setUp()[pri:0, instance:com.dxc.iot.tests.HomeTests@36ebc363]" started-at="2026-05-17T16:04:53 EEST" name="setUp" finished-at="2026-05-17T16:04:55 EEST" duration-ms="1616" status="PASS">
          <reporter-output>
          </reporter-output>
        </test-method> <!-- setUp -->
        <test-method signature="testHomePageFeatures([Ljava.lang.Object;)[pri:0, instance:com.dxc.iot.tests.HomeTests@36ebc363]" started-at="2026-05-17T16:04:55 EEST" name="testHomePageFeatures" data-provider="homeData" finished-at="2026-05-17T16:05:07 EEST" duration-ms="11787" status="PASS">
          <params>
            <param index="0">
              <value>
                <![CDATA[[Ljava.lang.Object;@772a370d]]>
              </value>
            </param>
          </params>
          <reporter-output>
          </reporter-output>
        </test-method> <!-- testHomePageFeatures -->
        <test-method is-config="true" signature="tearDown(org.testng.ITestResult)[pri:0, instance:com.dxc.iot.tests.HomeTests@36ebc363]" started-at="2026-05-17T16:05:07 EEST" name="tearDown" finished-at="2026-05-17T16:05:07 EEST" duration-ms="299" status="PASS">
          <params>
            <param index="0">
              <value>
                <![CDATA[[TestResult name=testHomePageFeatures status=SUCCESS method=HomeTests.testHomePageFeatures([Ljava.lang.Object;)[pri:0, instance:com.dxc.iot.tests.HomeTests@36ebc363] output={null}]]]>
              </value>
            </param>
          </params>
          <reporter-output>
          </reporter-output>
        </test-method> <!-- tearDown -->
        <test-method is-config="true" signature="setUp()[pri:0, instance:com.dxc.iot.tests.HomeTests@36ebc363]" started-at="2026-05-17T16:05:07 EEST" name="setUp" finished-at="2026-05-17T16:05:08 EEST" duration-ms="1557" status="PASS">
          <reporter-output>
          </reporter-output>
        </test-method> <!-- setUp -->
        <test-method signature="testHomePageFeatures([Ljava.lang.Object;)[pri:0, instance:com.dxc.iot.tests.HomeTests@36ebc363]" started-at="2026-05-17T16:05:08 EEST" name="testHomePageFeatures" data-provider="homeData" finished-at="2026-05-17T16:05:41 EEST" duration-ms="32887" status="PASS">
          <params>
            <param index="0">
              <value>
                <![CDATA[[Ljava.lang.Object;@b7da2c4]]>
              </value>
            </param>
          </params>
          <reporter-output>
          </reporter-output>
        </test-method> <!-- testHomePageFeatures -->
        <test-method is-config="true" signature="tearDown(org.testng.ITestResult)[pri:0, instance:com.dxc.iot.tests.HomeTests@36ebc363]" started-at="2026-05-17T16:05:41 EEST" name="tearDown" finished-at="2026-05-17T16:05:42 EEST" duration-ms="219" status="PASS">
          <params>
            <param index="0">
              <value>
                <![CDATA[[TestResult name=testHomePageFeatures status=SUCCESS method=HomeTests.testHomePageFeatures([Ljava.lang.Object;)[pri:0, instance:com.dxc.iot.tests.HomeTests@36ebc363] output={null}]]]>
              </value>
            </param>
          </params>
          <reporter-output>
          </reporter-output>
        </test-method> <!-- tearDown -->
        <test-method is-config="true" signature="setUp()[pri:0, instance:com.dxc.iot.tests.HomeTests@36ebc363]" started-at="2026-05-17T16:05:42 EEST" name="setUp" finished-at="2026-05-17T16:05:43 EEST" duration-ms="1469" status="PASS">
          <reporter-output>
          </reporter-output>
        </test-method> <!-- setUp -->
        <test-method signature="testHomePageFeatures([Ljava.lang.Object;)[pri:0, instance:com.dxc.iot.tests.HomeTests@36ebc363]" started-at="2026-05-17T16:05:43 EEST" name="testHomePageFeatures" data-provider="homeData" finished-at="2026-05-17T16:06:05 EEST" duration-ms="21970" status="PASS">
          <params>
            <param index="0">
              <value>
                <![CDATA[[Ljava.lang.Object;@19e78fa]]>
              </value>
            </param>
          </params>
          <reporter-output>
          </reporter-output>
        </test-method> <!-- testHomePageFeatures -->
        <test-method is-config="true" signature="tearDown(org.testng.ITestResult)[pri:0, instance:com.dxc.iot.tests.HomeTests@36ebc363]" started-at="2026-05-17T16:06:05 EEST" name="tearDown" finished-at="2026-05-17T16:06:05 EEST" duration-ms="205" status="PASS">
          <params>
            <param index="0">
              <value>
                <![CDATA[[TestResult name=testHomePageFeatures status=SUCCESS method=HomeTests.testHomePageFeatures([Ljava.lang.Object;)[pri:0, instance:com.dxc.iot.tests.HomeTests@36ebc363] output={null}]]]>
              </value>
            </param>
          </params>
          <reporter-output>
          </reporter-output>
        </test-method> <!-- tearDown -->
        <test-method is-config="true" signature="setUp()[pri:0, instance:com.dxc.iot.tests.HomeTests@36ebc363]" started-at="2026-05-17T16:06:05 EEST" name="setUp" finished-at="2026-05-17T16:06:07 EEST" duration-ms="1726" status="PASS">
          <reporter-output>
          </reporter-output>
        </test-method> <!-- setUp -->
        <test-method signature="testHomePageFeatures([Ljava.lang.Object;)[pri:0, instance:com.dxc.iot.tests.HomeTests@36ebc363]" started-at="2026-05-17T16:06:07 EEST" name="testHomePageFeatures" data-provider="homeData" finished-at="2026-05-17T16:06:40 EEST" duration-ms="33086" status="PASS">
          <params>
            <param index="0">
              <value>
                <![CDATA[[Ljava.lang.Object;@38b7b02f]]>
              </value>
            </param>
          </params>
          <reporter-output>
          </reporter-output>
        </test-method> <!-- testHomePageFeatures -->
        <test-method is-config="true" signature="tearDown(org.testng.ITestResult)[pri:0, instance:com.dxc.iot.tests.HomeTests@36ebc363]" started-at="2026-05-17T16:06:40 EEST" name="tearDown" finished-at="2026-05-17T16:06:40 EEST" duration-ms="275" status="PASS">
          <params>
            <param index="0">
              <value>
                <![CDATA[[TestResult name=testHomePageFeatures status=SUCCESS method=HomeTests.testHomePageFeatures([Ljava.lang.Object;)[pri:0, instance:com.dxc.iot.tests.HomeTests@36ebc363] output={null}]]]>
              </value>
            </param>
          </params>
          <reporter-output>
          </reporter-output>
        </test-method> <!-- tearDown -->
        <test-method is-config="true" signature="setUp()[pri:0, instance:com.dxc.iot.tests.HomeTests@36ebc363]" started-at="2026-05-17T16:06:40 EEST" name="setUp" finished-at="2026-05-17T16:06:42 EEST" duration-ms="1480" status="PASS">
          <reporter-output>
          </reporter-output>
        </test-method> <!-- setUp -->
        <test-method signature="testHomePageFeatures([Ljava.lang.Object;)[pri:0, instance:com.dxc.iot.tests.HomeTests@36ebc363]" started-at="2026-05-17T16:06:42 EEST" name="testHomePageFeatures" data-provider="homeData" finished-at="2026-05-17T16:07:04 EEST" duration-ms="22075" status="PASS">
          <params>
            <param index="0">
              <value>
                <![CDATA[[Ljava.lang.Object;@1a60b0c4]]>
              </value>
            </param>
          </params>
          <reporter-output>
          </reporter-output>
        </test-method> <!-- testHomePageFeatures -->
        <test-method is-config="true" signature="tearDown(org.testng.ITestResult)[pri:0, instance:com.dxc.iot.tests.HomeTests@36ebc363]" started-at="2026-05-17T16:07:04 EEST" name="tearDown" finished-at="2026-05-17T16:07:04 EEST" duration-ms="224" status="PASS">
          <params>
            <param index="0">
              <value>
                <![CDATA[[TestResult name=testHomePageFeatures status=SUCCESS method=HomeTests.testHomePageFeatures([Ljava.lang.Object;)[pri:0, instance:com.dxc.iot.tests.HomeTests@36ebc363] output={null}]]]>
              </value>
            </param>
          </params>
          <reporter-output>
          </reporter-output>
        </test-method> <!-- tearDown -->
        <test-method is-config="true" signature="setUp()[pri:0, instance:com.dxc.iot.tests.HomeTests@36ebc363]" started-at="2026-05-17T16:07:04 EEST" name="setUp" finished-at="2026-05-17T16:07:06 EEST" duration-ms="1482" status="PASS">
          <reporter-output>
          </reporter-output>
        </test-method> <!-- setUp -->
        <test-method signature="testHomePageFeatures([Ljava.lang.Object;)[pri:0, instance:com.dxc.iot.tests.HomeTests@36ebc363]" started-at="2026-05-17T16:07:06 EEST" name="testHomePageFeatures" data-provider="homeData" finished-at="2026-05-17T16:07:08 EEST" duration-ms="2268" status="PASS">
          <params>
            <param index="0">
              <value>
                <![CDATA[[Ljava.lang.Object;@27154b20]]>
              </value>
            </param>
          </params>
          <reporter-output>
          </reporter-output>
        </test-method> <!-- testHomePageFeatures -->
        <test-method is-config="true" signature="tearDown(org.testng.ITestResult)[pri:0, instance:com.dxc.iot.tests.HomeTests@36ebc363]" started-at="2026-05-17T16:07:08 EEST" name="tearDown" finished-at="2026-05-17T16:07:08 EEST" duration-ms="158" status="PASS">
          <params>
            <param index="0">
              <value>
                <![CDATA[[TestResult name=testHomePageFeatures status=SUCCESS method=HomeTests.testHomePageFeatures([Ljava.lang.Object;)[pri:0, instance:com.dxc.iot.tests.HomeTests@36ebc363] output={null}]]]>
              </value>
            </param>
          </params>
          <reporter-output>
          </reporter-output>
        </test-method> <!-- tearDown -->
        <test-method is-config="true" signature="setUp()[pri:0, instance:com.dxc.iot.tests.HomeTests@36ebc363]" started-at="2026-05-17T16:07:08 EEST" name="setUp" finished-at="2026-05-17T16:07:09 EEST" duration-ms="1455" status="PASS">
          <reporter-output>
          </reporter-output>
        </test-method> <!-- setUp -->
        <test-method signature="testHomePageFeatures([Ljava.lang.Object;)[pri:0, instance:com.dxc.iot.tests.HomeTests@36ebc363]" started-at="2026-05-17T16:07:09 EEST" name="testHomePageFeatures" data-provider="homeData" finished-at="2026-05-17T16:07:32 EEST" duration-ms="22386" status="PASS">
          <params>
            <param index="0">
              <value>
                <![CDATA[[Ljava.lang.Object;@46bd6c87]]>
              </value>
            </param>
          </params>
          <reporter-output>
          </reporter-output>
        </test-method> <!-- testHomePageFeatures -->
        <test-method is-config="true" signature="tearDown(org.testng.ITestResult)[pri:0, instance:com.dxc.iot.tests.HomeTests@36ebc363]" started-at="2026-05-17T16:07:32 EEST" name="tearDown" finished-at="2026-05-17T16:07:32 EEST" duration-ms="177" status="PASS">
          <params>
            <param index="0">
              <value>
                <![CDATA[[TestResult name=testHomePageFeatures status=SUCCESS method=HomeTests.testHomePageFeatures([Ljava.lang.Object;)[pri:0, instance:com.dxc.iot.tests.HomeTests@36ebc363] output={null}]]]>
              </value>
            </param>
          </params>
          <reporter-output>
          </reporter-output>
        </test-method> <!-- tearDown -->
        <test-method is-config="true" signature="setUp()[pri:0, instance:com.dxc.iot.tests.HomeTests@36ebc363]" started-at="2026-05-17T16:07:32 EEST" name="setUp" finished-at="2026-05-17T16:07:34 EEST" duration-ms="1591" status="PASS">
          <reporter-output>
          </reporter-output>
        </test-method> <!-- setUp -->
        <test-method signature="testHomePageFeatures([Ljava.lang.Object;)[pri:0, instance:com.dxc.iot.tests.HomeTests@36ebc363]" started-at="2026-05-17T16:07:34 EEST" name="testHomePageFeatures" data-provider="homeData" finished-at="2026-05-17T16:07:55 EEST" duration-ms="21713" status="FAIL">
          <params>
            <param index="0">
              <value>
                <![CDATA[[Ljava.lang.Object;@1c8a2bec]]>
              </value>
            </param>
          </params>
          <exception class="org.openqa.selenium.TimeoutException">
            <message>
              <![CDATA[Expected condition failed: waiting for element to be clickable: By.cssSelector: .modal-card .modal-close (tried for 20 second(s) with 500 milliseconds interval)
Build info: version: '4.27.0', revision: 'd6e718d134'
System info: os.name: 'Windows 11', os.arch: 'amd64', os.version: '10.0', java.version: '23.0.1'
Driver info: org.openqa.selenium.chrome.ChromeDriver
Capabilities {acceptInsecureCerts: false, browserName: chrome, browserVersion: 148.0.7778.168, chrome: {chromedriverVersion: 148.0.7778.167 (65db666ac2c..., userDataDir: C:\Users\habiba\AppData\Loc...}, fedcm:accounts: true, goog:chromeOptions: {debuggerAddress: localhost:63858}, goog:processID: 35696, networkConnectionEnabled: false, pageLoadStrategy: normal, platformName: windows, proxy: Proxy(), se:cdp: ws://localhost:63858/devtoo..., se:cdpVersion: 148.0.7778.168, setWindowRect: true, strictFileInteractability: false, timeouts: {implicit: 0, pageLoad: 300000, script: 30000}, unhandledPromptBehavior: dismiss and notify, webauthn:extension:credBlob: true, webauthn:extension:largeBlob: true, webauthn:extension:minPinLength: true, webauthn:extension:prf: true, webauthn:virtualAuthenticators: true}
Session ID: 32ae325e2fa2c94ec7da02b396d9cc46]]>
            </message>
            <full-stacktrace>
              <![CDATA[org.openqa.selenium.TimeoutException: Expected condition failed: waiting for element to be clickable: By.cssSelector: .modal-card .modal-close (tried for 20 second(s) with 500 milliseconds interval)
Build info: version: '4.27.0', revision: 'd6e718d134'
System info: os.name: 'Windows 11', os.arch: 'amd64', os.version: '10.0', java.version: '23.0.1'
Driver info: org.openqa.selenium.chrome.ChromeDriver
Capabilities {acceptInsecureCerts: false, browserName: chrome, browserVersion: 148.0.7778.168, chrome: {chromedriverVersion: 148.0.7778.167 (65db666ac2c..., userDataDir: C:\Users\habiba\AppData\Loc...}, fedcm:accounts: true, goog:chromeOptions: {debuggerAddress: localhost:63858}, goog:processID: 35696, networkConnectionEnabled: false, pageLoadStrategy: normal, platformName: windows, proxy: Proxy(), se:cdp: ws://localhost:63858/devtoo..., se:cdpVersion: 148.0.7778.168, setWindowRect: true, strictFileInteractability: false, timeouts: {implicit: 0, pageLoad: 300000, script: 30000}, unhandledPromptBehavior: dismiss and notify, webauthn:extension:credBlob: true, webauthn:extension:largeBlob: true, webauthn:extension:minPinLength: true, webauthn:extension:prf: true, webauthn:virtualAuthenticators: true}
Session ID: 32ae325e2fa2c94ec7da02b396d9cc46
at org.openqa.selenium.support.ui.WebDriverWait.timeoutException(WebDriverWait.java:84)
at org.openqa.selenium.support.ui.FluentWait.until(FluentWait.java:228)
at com.dxc.iot.base.BasePage.click(BasePage.java:31)
at com.dxc.iot.pages.HomePage.closeModal(HomePage.java:96)
at com.dxc.iot.tests.HomeTests.testHomePageFeatures(HomeTests.java:154)
at java.base/jdk.internal.reflect.DirectMethodHandleAccessor.invoke(DirectMethodHandleAccessor.java:103)
at java.base/java.lang.reflect.Method.invoke(Method.java:580)
at org.testng.internal.invokers.MethodInvocationHelper.invokeMethod(MethodInvocationHelper.java:141)
at org.testng.internal.invokers.TestInvoker.invokeMethod(TestInvoker.java:686)
at org.testng.internal.invokers.TestInvoker.invokeTestMethod(TestInvoker.java:230)
at org.testng.internal.invokers.MethodRunner.runInSequence(MethodRunner.java:63)
at org.testng.internal.invokers.TestInvoker$MethodInvocationAgent.invoke(TestInvoker.java:992)
at org.testng.internal.invokers.TestInvoker.invokeTestMethods(TestInvoker.java:203)
[...]
          <reporter-output>
          </reporter-output>
        </test-method> <!-- testSettings -->
        <test-method is-config="true" signature="tearDown(org.testng.ITestResult)[pri:0, instance:com.dxc.iot.tests.SettingsTests@22555ebf]" started-at="2026-05-17T15:59:44 EEST" name="tearDown" finished-at="2026-05-17T15:59:44 EEST" duration-ms="265" status="PASS">
          <params>
            <param index="0">
              <value>
                <![CDATA[[TestResult name=testSettings status=SUCCESS method=SettingsTests.testSettings([Ljava.lang.Object;)[pri:0, instance:com.dxc.iot.tests.SettingsTests@22555ebf] output={null}]]]>
              </value>
            </param>
          </params>
          <reporter-output>
          </reporter-output>
        </test-method> <!-- tearDown -->
        <test-method is-config="true" signature="setUp()[pri:0, instance:com.dxc.iot.tests.SettingsTests@22555ebf]" started-at="2026-05-17T15:59:44 EEST" name="setUp" finished-at="2026-05-17T15:59:46 EEST" duration-ms="1600" status="PASS">
          <reporter-output>
          </reporter-output>
        </test-method> <!-- setUp -->
        <test-method signature="testSettings([Ljava.lang.Object;)[pri:0, instance:com.dxc.iot.tests.SettingsTests@22555ebf]" started-at="2026-05-17T15:59:46 EEST" name="testSettings" data-provider="settingsData" finished-at="2026-05-17T15:59:49 EEST" duration-ms="2938" status="PASS">
          <params>
            <param index="0">
              <value>
                <![CDATA[[Ljava.lang.Object;@71689ee2]]>
              </value>
            </param>
          </params>
          <reporter-output>
          </reporter-output>
        </test-method> <!-- testSettings -->
        <test-method is-config="true" signature="tearDown(org.testng.ITestResult)[pri:0, instance:com.dxc.iot.tests.SettingsTests@22555ebf]" started-at="2026-05-17T15:59:49 EEST" name="tearDown" finished-at="2026-05-17T15:59:49 EEST" duration-ms="277" status="PASS">
          <params>
            <param index="0">
              <value>
                <![CDATA[[TestResult name=testSettings status=SUCCESS method=SettingsTests.testSettings([Ljava.lang.Object;)[pri:0, instance:com.dxc.iot.tests.SettingsTests@22555ebf] output={null}]]]>
              </value>
            </param>
          </params>
          <reporter-output>
          </reporter-output>
        </test-method> <!-- tearDown -->
        <test-method is-config="true" signature="setUp()[pri:0, instance:com.dxc.iot.tests.SettingsTests@22555ebf]" started-at="2026-05-17T15:59:49 EEST" name="setUp" finished-at="2026-05-17T15:59:51 EEST" duration-ms="1971" status="PASS">
          <reporter-output>
          </reporter-output>
        </test-method> <!-- setUp -->
        <test-method signature="testSettings([Ljava.lang.Object;)[pri:0, instance:com.dxc.iot.tests.SettingsTests@22555ebf]" started-at="2026-05-17T15:59:51 EEST" name="testSettings" data-provider="settingsData" finished-at="2026-05-17T15:59:56 EEST" duration-ms="4587" status="PASS">
          <params>
            <param index="0">
              <value>
                <![CDATA[[Ljava.lang.Object;@3b8a063d]]>
              </value>
            </param>
          </params>
          <reporter-output>
          </reporter-output>
        </test-method> <!-- testSettings -->
        <test-method is-config="true" signature="tearDown(org.testng.ITestResult)[pri:0, instance:com.dxc.iot.tests.SettingsTests@22555ebf]" started-at="2026-05-17T15:59:56 EEST" name="tearDown" finished-at="2026-05-17T15:59:56 EEST" duration-ms="365" status="PASS">
          <params>
            <param index="0">
              <value>
                <![CDATA[[TestResult name=testSettings status=SUCCESS method=SettingsTests.testSettings([Ljava.lang.Object;)[pri:0, instance:com.dxc.iot.tests.SettingsTests@22555ebf] output={null}]]]>
              </value>
            </param>
          </params>
          <reporter-output>
          </reporter-output>
        </test-method> <!-- tearDown -->
        <test-method is-config="true" signature="setUp()[pri:0, instance:com.dxc.iot.tests.SettingsTests@22555ebf]" started-at="2026-05-17T15:59:56 EEST" name="setUp" finished-at="2026-05-17T15:59:58 EEST" duration-ms="1700" status="PASS">
          <reporter-output>
          </reporter-output>
        </test-method> <!-- setUp -->
        <test-method signature="testSettings([Ljava.lang.Object;)[pri:0, instance:com.dxc.iot.tests.SettingsTests@22555ebf]" started-at="2026-05-17T15:59:58 EEST" name="testSettings" data-provider="settingsData" finished-at="2026-05-17T16:00:00 EEST" duration-ms="2811" status="PASS">
          <params>
            <param index="0">
              <value>
                <![CDATA[[Ljava.lang.Object;@5418a659]]>
              </value>
            </param>
          </params>
          <reporter-output>
          </reporter-output>
        </test-method> <!-- testSettings -->
        <test-method is-config="true" signature="tearDown(org.testng.ITestResult)[pri:0, instance:com.dxc.iot.tests.SettingsTests@22555ebf]" started-at="2026-05-17T16:00:00 EEST" name="tearDown" finished-at="2026-05-17T16:00:01 EEST" duration-ms="242" status="PASS">
          <params>
            <param index="0">
              <value>
                <![CDATA[[TestResult name=testSettings status=SUCCESS method=SettingsTests.testSettings([Ljava.lang.Object;)[pri:0, instance:com.dxc.iot.tests.SettingsTests@22555ebf] output={null}]]]>
              </value>
            </param>
          </params>
          <reporter-output>
          </reporter-output>
        </test-method> <!-- tearDown -->
        <test-method is-config="true" signature="setUp()[pri:0, instance:com.dxc.iot.tests.SettingsTests@22555ebf]" started-at="2026-05-17T16:00:01 EEST" name="setUp" finished-at="2026-05-17T16:00:02 EEST" duration-ms="1482" status="PASS">
          <reporter-output>
          </reporter-output>
        </test-method> <!-- setUp -->
        <test-method signature="testSettings([Ljava.lang.Object;)[pri:0, instance:com.dxc.iot.tests.SettingsTests@22555ebf]" started-at="2026-05-17T16:00:02 EEST" name="testSettings" data-provider="settingsData" finished-at="2026-05-17T16:00:46 EEST" duration-ms="44210" status="PASS">
          <params>
            <param index="0">
              <value>
                <![CDATA[[Ljava.lang.Object;@52518ee1]]>
              </value>
            </param>
          </params>
          <reporter-output>
          </reporter-output>
        </test-method> <!-- testSettings -->
        <test-method is-config="true" signature="tearDown(org.testng.ITestResult)[pri:0, instance:com.dxc.iot.tests.SettingsTests@22555ebf]" started-at="2026-05-17T16:00:46 EEST" name="tearDown" finished-at="2026-05-17T16:00:47 EEST" duration-ms="318" status="PASS">
          <params>
            <param index="0">
              <value>
                <![CDATA[[TestResult name=testSettings status=SUCCESS method=SettingsTests.testSettings([Ljava.lang.Object;)[pri:0, instance:com.dxc.iot.tests.SettingsTests@22555ebf] output={null}]]]>
              </value>
            </param>
          </params>
          <reporter-output>
          </reporter-output>
        </test-method> <!-- tearDown -->
        <test-method is-config="true" signature="setUp()[pri:0, instance:com.dxc.iot.tests.SettingsTests@22555ebf]" started-at="2026-05-17T16:00:47 EEST" name="setUp" finished-at="2026-05-17T16:00:48 EEST" duration-ms="1588" status="PASS">
          <reporter-output>
          </reporter-output>
        </test-method> <!-- setUp -->
        <test-method signature="testSettings([Ljava.lang.Object;)[pri:0, instance:com.dxc.iot.tests.SettingsTests@22555ebf]" started-at="2026-05-17T16:00:48 EEST" name="testSettings" data-provider="settingsData" finished-at="2026-05-17T16:01:33 EEST" duration-ms="45071" status="PASS">
          <params>
            <param index="0">
              <value>
                <![CDATA[[Ljava.lang.Object;@7a79a5d6]]>
              </value>
            </param>
          </params>
          <reporter-output>
          </reporter-output>
        </test-method> <!-- testSettings -->
        <test-method is-config="true" signature="tearDown(org.testng.ITestResult)[pri:0, instance:com.dxc.iot.tests.SettingsTests@22555ebf]" started-at="2026-05-17T16:01:33 EEST" name="tearDown" finished-at="2026-05-17T16:01:34 EEST" duration-ms="302" status="PASS">
          <params>
            <param index="0">
              <value>
                <![CDATA[[TestResult name=testSettings status=SUCCESS method=SettingsTests.testSettings([Ljava.lang.Object;)[pri:0, instance:com.dxc.iot.tests.SettingsTests@22555ebf] output={null}]]]>
              </value>
            </param>
          </params>
          <reporter-output>
          </reporter-output>
        </test-method> <!-- tearDown -->
        <test-method is-config="true" signature="setUp()[pri:0, instance:com.dxc.iot.tests.SettingsTests@22555ebf]" started-at="2026-05-17T16:01:34 EEST" name="setUp" finished-at="2026-05-17T16:01:35 EEST" duration-ms="1510" status="PASS">
          <reporter-output>
          </reporter-output>
        </test-method> <!-- setUp -->
        <test-method signature="testSettings([Ljava.lang.Object;)[pri:0, instance:com.dxc.iot.tests.SettingsTests@22555ebf]" started-at="2026-05-17T16:01:35 EEST" name="testSettings" data-provider="settingsData" finished-at="2026-05-17T16:02:21 EEST" duration-ms="45721" status="PASS">
          <params>
            <param index="0">
              <value>
                <![CDATA[[Ljava.lang.Object;@4fe687b5]]>
              </value>
            </param>
          </params>
          <reporter-output>
          </reporter-output>
        </test-method> <!-- testSettings -->
        <test-method is-config="true" signature="tearDown(org.testng.ITestResult)[pri:0, instance:com.dxc.iot.tests.SettingsTests@22555ebf]" started-at="2026-05-17T16:02:21 EEST" name="tearDown" finished-at="2026-05-17T16:02:21 EEST" duration-ms="323" status="PASS">
          <params>
            <param index="0">
              <value>
                <![CDATA[[TestResult name=testSettings status=SUCCESS method=SettingsTests.testSettings([Ljava.lang.Object;)[pri:0, instance:com.dxc.iot.tests.SettingsTests@22555ebf] output={null}]]]>
              </value>
            </param>
          </params>
          <reporter-output>
          </reporter-output>
        </test-method> <!-- tearDown -->
        <test-method is-config="true" signature="setUp()[pri:0, instance:com.dxc.iot.tests.SettingsTests@22555ebf]" started-at="2026-05-17T16:02:21 EEST" name="setUp" finished-at="2026-05-17T16:02:23 EEST" duration-ms="1546" status="PASS">
          <reporter-output>
          </reporter-output>
        </test-method> <!-- setUp -->
        <test-method signature="testSettings([Ljava.lang.Object;)[pri:0, instance:com.dxc.iot.tests.SettingsTests@22555ebf]" started-at="2026-05-17T16:02:23 EEST" name="testSettings" data-provider="settingsData" finished-at="2026-05-17T16:03:07 EEST" duration-ms="44552" status="PASS">
          <params>
            <param index="0">
              <value>
                <![CDATA[[Ljava.lang.Object;@65d3a83]]>
              </value>
            </param>
          </params>
          <reporter-output>
          </reporter-output>
        </test-method> <!-- testSettings -->
        <test-method is-config="true" signature="tearDown(org.testng.ITestResult)[pri:0, instance:com.dxc.iot.tests.SettingsTests@22555ebf]" started-at="2026-05-17T16:03:07 EEST" name="tearDown" finished-at="2026-05-17T16:03:07 EEST" duration-ms="211" status="PASS">
          <params>
            <param index="0">
              <value>
                <![CDATA[[TestResult name=testSettings status=SUCCESS method=SettingsTests.testSettings([Ljava.lang.Object;)[pri:0, instance:com.dxc.iot.tests.SettingsTests@22555ebf] output={null}]]]>
              </value>
            </param>
          </params>
          <reporter-output>
          </reporter-output>
        </test-method> <!-- tearDown -->
        <test-method is-config="true" signature="setUp()[pri:0, instance:com.dxc.iot.tests.SettingsTests@22555ebf]" started-at="2026-05-17T16:03:07 EEST" name="setUp" finished-at="2026-05-17T16:03:09 EEST" duration-ms="1373" status="PASS">
          <reporter-output>
          </reporter-output>
        </test-method> <!-- setUp -->
        <test-method signature="testSettings([Ljava.lang.Object;)[pri:0, instance:com.dxc.iot.tests.SettingsTests@22555ebf]" started-at="2026-05-17T16:03:09 EEST" name="testSettings" data-provider="settingsData" finished-at="2026-05-17T16:03:54 EEST" duration-ms="44991" status="PASS">
          <params>
            <param index="0">
              <value>
                <![CDATA[[Ljava.lang.Object;@17931cc0]]>
              </value>
            </param>
          </params>
          <reporter-output>
          </reporter-output>
        </test-method> <!-- testSettings -->
        <test-method is-config="true" signature="tearDown(org.testng.ITestResult)[pri:0, instance:com.dxc.iot.tests.SettingsTests@22555ebf]" started-at="2026-05-17T16:03:54 EEST" name="tearDown" finished-at="2026-05-17T16:03:54 EEST" duration-ms="588" status="PASS">
          <params>
            <param index="0">
              <value>
                <![CDATA[[TestResult name=testSettings status=SUCCESS method=SettingsTests.testSettings([Ljava.lang.Object;)[pri:0, instance:com.dxc.iot.tests.SettingsTests@22555ebf] output={null}]]]>
              </value>
            </param>
          </params>
          <reporter-output>
          </reporter-output>
        </test-method> <!-- tearDown -->
        <test-method is-config="true" signature="setUp()[pri:0, instance:com.dxc.iot.tests.SettingsTests@22555ebf]" started-at="2026-05-17T16:03:54 EEST" name="setUp" finished-at="2026-05-17T16:03:56 EEST" duration-ms="1468" status="PASS">
          <reporter-output>
          </reporter-output>
        </test-method> <!-- setUp -->
        <test-method signature="testSettings([Ljava.lang.Object;)[pri:0, instance:com.dxc.iot.tests.SettingsTests@22555ebf]" started-at="2026-05-17T16:03:56 EEST" name="testSettings" data-provider="settingsData" finished-at="2026-05-17T16:03:59 EEST" duration-ms="3140" status="PASS">
          <params>
            <param index="0">
              <value>
                <![CDATA[[Ljava.lang.Object;@3df473e8]]>
              </value>
            </param>
          </params>
          <reporter-output>
          </reporter-output>
        </test-method> <!-- testSettings -->
        <test-method is-config="true" signature="tearDown(org.testng.ITestResult)[pri:0, instance:com.dxc.iot.tests.SettingsTests@22555ebf]" started-at="2026-05-17T16:03:59 EEST" name="tearDown" finished-at="2026-05-17T16:03:59 EEST" duration-ms="228" status="PASS">
          <params>
            <param index="0">
              <value>
                <![CDATA[[TestResult name=testSettings status=SUCCESS method=SettingsTests.testSettings([Ljava.lang.Object;)[pri:0, instance:com.dxc.iot.tests.SettingsTests@22555ebf] output={null}]]]>
              </value>
            </param>
          </params>
          <reporter-output>
          </reporter-output>
        </test-method> <!-- tearDown -->
        <test-method is-config="true" signature="setUp()[pri:0, instance:com.dxc.iot.tests.SettingsTests@22555ebf]" started-at="2026-05-17T16:03:59 EEST" name="setUp" finished-at="2026-05-17T16:04:01 EEST" duration-ms="1398" status="PASS">
          <reporter-output>
          </reporter-output>
        </test-method> <!-- setUp -->
        <test-method signature="testSettings([Ljava.lang.Object;)[pri:0, instance:com.dxc.iot.tests.SettingsTests@22555ebf]" started-at="2026-05-17T16:04:01 EEST" name="testSettings" data-provider="settingsData" finished-at="2026-05-17T16:04:03 EEST" duration-ms="2342" status="PASS">
          <params>
            <param index="0">
              <value>
                <![CDATA[[Ljava.lang.Object;@7c9d2ed7]]>
              </value>
            </param>
          </params>
          <reporter-output>
          </reporter-output>
        </test-method> <!-- testSettings -->
        <test-method is-config="true" signature="tearDown(org.testng.ITestResult)[pri:0, instance:com.dxc.iot.tests.SettingsTests@22555ebf]" started-at="2026-05-17T16:04:03 EEST" name="tearDown" finished-at="2026-05-17T16:04:03 EEST" duration-ms="288" status="PASS">
          <params>
            <param index="0">
              <value>
                <![CDATA[[TestResult name=testSettings status=SUCCESS method=SettingsTests.testSettings([Ljava.lang.Object;)[pri:0, instance:com.dxc.iot.tests.SettingsTests@22555ebf] output={null}]]]>
              </value>
            </param>
          </params>
          <reporter-output>
          </reporter-output>
        </test-method> <!-- tearDown -->
        <test-method is-config="true" signature="setUp()[pri:0, instance:com.dxc.iot.tests.SettingsTests@22555ebf]" started-at="2026-05-17T16:04:03 EEST" name="setUp" finished-at="2026-05-17T16:04:05 EEST" duration-ms="1417" status="PASS">
          <reporter-output>
          </reporter-output>
        </test-method> <!-- setUp -->
        <test-method signature="testSettingsPageStructure_A024()[pri:0, instance:com.dxc.iot.tests.SettingsTests@22555ebf]" started-at="2026-05-17T16:04:05 EEST" name="testSettingsPageStructure_A024" finished-at="2026-05-17T16:04:06 EEST" duration-ms="1737" status="PASS">
          <reporter-output>
          </reporter-output>
        </test-method> <!-- testSettingsPageStructure_A024 -->
        <test-method is-config="true" signature="tearDown(org.testng.ITestResult)[pri:0, instance:com.dxc.iot.tests.SettingsTests@22555ebf]" started-at="2026-05-17T16:04:06 EEST" name="tearDown" finished-at="2026-05-17T16:04:07 EEST" duration-ms="197" status="PASS">
          <params>
            <param index="0">
              <value>
                <![CDATA[[TestResult name=testSettingsPageStructure_A024 status=SUCCESS method=SettingsTests.testSettingsPageStructure_A024()[pri:0, instance:com.dxc.iot.tests.SettingsTests@22555ebf] output={null}]]]>
              </value>
            </param>
          </params>
          <reporter-output>
          </reporter-output>
        </test-method> <!-- tearDown -->
        <test-method is-config="true" signature="setUp()[pri:0, instance:com.dxc.iot.tests.SettingsTests@22555ebf]" started-at="2026-05-17T16:04:07 EEST" name="setUp" finished-at="2026-05-17T16:04:08 EEST" duration-ms="1482" status="PASS">
          <reporter-output>
          </reporter-output>
        </test-method> <!-- setUp -->
        <test-method signature="testSettingsPrePopulate_A051()[pri:0, instance:com.dxc.iot.tests.SettingsTests@22555ebf]" started-at="2026-05-17T16:04:08 EEST" name="testSettingsPrePopulate_A051" finished-at="2026-05-17T16:04:13 EEST" duration-ms="4683" status="PASS">
          <reporter-output>
          </reporter-output>
        </test-method> <!-- testSettingsPrePopulate_A051 -->
        <test-method is-config="true" signature="tearDown(org.testng.ITestResult)[pri:0, instance:com.dxc.iot.tests.SettingsTests@22555ebf]" started-at="2026-05-17T16:04:13 EEST" name="tearDown" finished-at="2026-05-17T16:04:13 EEST" duration-ms="263" status="PASS">
          <params>
            <param index="0">
              <value>
                <![CDATA[[TestResult name=testSettingsPrePopulate_A051 status=SUCCESS method=SettingsTests.testSettingsPrePopulate_A051()[pri:0, instance:com.dxc.iot.tests.SettingsTests@22555ebf] output={null}]]]>
              </value>
            </param>
          </params>
          <reporter-output>
          </reporter-output>
        </test-method> <!-- tearDown -->
      </class> <!-- com.dxc.iot.tests.SettingsTests -->
    </test> <!-- Frontend Tests -->
  </suite> <!-- IoT Automation Suite -->
</testng-results>
