<?xml version="1.0" encoding="UTF-8"?>
<!-- Generated by org.testng.reporters.JUnitReportReporter -->
<testsuite hostname="DESKTOP-L2HD4CA" failures="0" tests="7" name="com.dxc.iot.tests.SignUpTests" time="46.369" errors="0" timestamp="2026-05-17T16:10:30 EEST" skipped="0">
  <testcase classname="com.dxc.iot.tests.SignUpTests" name="testSignUp" time="4.547"/>
  <testcase classname="com.dxc.iot.tests.SignUpTests" name="testSignUp" time="3.774"/>
  <testcase classname="com.dxc.iot.tests.SignUpTests" name="testSignUp" time="4.224"/>
  <testcase classname="com.dxc.iot.tests.SignUpTests" name="testSignUp" time="4.103"/>
  <testcase classname="com.dxc.iot.tests.SignUpTests" name="testSignUp" time="3.661"/>
  <testcase classname="com.dxc.iot.tests.SignUpTests" name="testRemoveAvatar_A047" time="23.251"/>
  <testcase classname="com.dxc.iot.tests.SignUpTests" name="testLoginLinkNavigation_A048" time="2.809"/>
</testsuite> <!-- com.dxc.iot.tests.SignUpTests -->
