<?xml version="1.0" encoding="UTF-8"?>
<!-- Generated by org.testng.reporters.JUnitReportReporter -->
<testsuite hostname="DESKTOP-L2HD4CA" failures="0" tests="9" name="com.dxc.iot.tests.SessionTests" time="29.314" errors="0" timestamp="2026-05-17T16:10:30 EEST" skipped="0">
  <testcase classname="com.dxc.iot.tests.SessionTests" name="testUnauthorizedAccessToProfile_A033" time="1.792"/>
  <testcase classname="com.dxc.iot.tests.SessionTests" name="testAuthenticatedUserBlockedFromLogin_A067" time="4.084"/>
  <testcase classname="com.dxc.iot.tests.SessionTests" name="testUnauthorizedAccessToSettings_A066" time="1.761"/>
  <testcase classname="com.dxc.iot.tests.SessionTests" name="testAuthenticatedUserBlockedFromSignup_A068" time="3.346"/>
  <testcase classname="com.dxc.iot.tests.SessionTests" name="testSidebarNavFromProfile_A064" time="3.550"/>
  <testcase classname="com.dxc.iot.tests.SessionTests" name="testUnauthorizedAccessToHome_A032" time="1.707"/>
  <testcase classname="com.dxc.iot.tests.SessionTests" name="testLogoutClearsStorage_A034" time="3.737"/>
  <testcase classname="com.dxc.iot.tests.SessionTests" name="testSidebarLogoutFromSettings_A065" time="3.726"/>
  <testcase classname="com.dxc.iot.tests.SessionTests" name="testBUG_LocalStoragePersists_A031" time="5.611"/>
</testsuite> <!-- com.dxc.iot.tests.SessionTests -->
