<?xml version="1.0" encoding="UTF-8"?>
<!-- Generated by org.testng.reporters.JUnitReportReporter -->
<testsuite hostname="DESKTOP-L2HD4CA" failures="0" tests="8" name="com.dxc.iot.tests.ProfileTests" time="64.472" errors="0" timestamp="2026-05-17T16:10:30 EEST" skipped="0">
  <testcase classname="com.dxc.iot.tests.ProfileTests" name="testChangePassword" time="4.730"/>
  <testcase classname="com.dxc.iot.tests.ProfileTests" name="testChangePassword" time="4.915"/>
  <testcase classname="com.dxc.iot.tests.ProfileTests" name="testProfileDataDisplay_A011" time="3.620"/>
  <testcase classname="com.dxc.iot.tests.ProfileTests" name="testProfileNavigation_A010" time="3.392"/>
  <testcase classname="com.dxc.iot.tests.ProfileTests" name="testAvatarUpload_A050" time="3.625"/>
  <testcase classname="com.dxc.iot.tests.ProfileTests" name="testCancelCollapsesPasswordForm_A049" time="14.188"/>
  <testcase classname="com.dxc.iot.tests.ProfileTests" name="testChangePassword" time="5.563"/>
  <testcase classname="com.dxc.iot.tests.ProfileTests" name="testChangePassword" time="24.439"/>
</testsuite> <!-- com.dxc.iot.tests.ProfileTests -->
